<!DOCTYPE html PUBLIC "-//W3C//DTD XHTML 1.1//EN" "https://www.w3.org/TR/xhtml11/DTD/xhtml11.dtd">
<html xmlns="https://www.w3.org/1999/xhtml">
<head>
<meta http-equiv="content-type" content="text/html; charset=UTF-8"/>
<title>TestNG Report</title>
<style type="text/css">table {margin-bottom:10px;border-collapse:collapse;empty-cells:show}th,td {border:1px solid #009;padding:.25em .5em}th {vertical-align:bottom}td {vertical-align:top}table a {font-weight:bold}.stripe td {background-color: #E6EBF9}.num {text-align:right}.passedodd td {background-color: #3F3}.passedeven td {background-color: #0A0}.skippedodd td {background-color: #DDD}.skippedeven td {background-color: #CCC}.failedodd td,.attn {background-color: #F33}.failedeven td,.stripe .attn {background-color: #D00}.stacktrace {white-space:pre;font-family:monospace}.totop {font-size:85%;text-align:center;border-bottom:2px solid #000}.invisible {display:none}</style>
</head>
<body>
<table>
<tr><th>Test</th><th># Passed</th><th># Skipped</th><th># Retried</th><th># Failed</th><th>Time (ms)</th><th>Included Groups</th><th>Excluded Groups</th></tr>
<tr><th colspan="8">Suite</th></tr>
<tr><td><a href="#t0">Test</a></td><td class="num">70</td><td class="num">0</td><td class="num">0</td><td class="num attn">70</td><td class="num">364</td><td></td><td></td></tr>
</table>
<table id='summary'><thead><tr><th>Class</th><th>Method</th><th>Start</th><th>Time (ms)</th></tr></thead><tbody><tr><th colspan="4">Suite</th></tr></tbody><tbody id="t0"><tr><th colspan="4">Test &#8212; failed</th></tr><tr class="failedeven"><td rowspan="70">maven_diares.MAven_single.EndtoEndapplicationTestcasesTest</td><td><a href="#m0">testAPIIntegrationTest</a></td><td rowspan="1">1748115608625</td><td rowspan="1">1</td></tr><tr class="failedeven"><td><a href="#m1">testAccessibilityFeaturesTest</a></td><td rowspan="1">1748115608628</td><td rowspan="1">0</td></tr><tr class="failedeven"><td><a href="#m2">testApplicationShutdownTest</a></td><td rowspan="1">1748115608629</td><td rowspan="1">2</td></tr><tr class="failedeven"><td><a href="#m3">testApplicationStartTest</a></td><td rowspan="1">1748115608633</td><td rowspan="1">0</td></tr><tr class="failedeven"><td><a href="#m4">testApplicationUpdateTest</a></td><td rowspan="1">1748115608634</td><td rowspan="1">1</td></tr><tr class="failedeven"><td><a href="#m5">testAuditTrailTest</a></td><td rowspan="1">1748115608635</td><td rowspan="1">1</td></tr><tr class="failedeven"><td><a href="#m6">testBackupAndRestoreTest</a></td><td rowspan="1">1748115608636</td><td rowspan="1">1</td></tr><tr class="failedeven"><td><a href="#m7">testComplianceChecksTest</a></td><td rowspan="1">1748115608638</td><td rowspan="1">0</td></tr><tr class="failedeven"><td><a href="#m8">testConfigurationSettingsTest</a></td><td rowspan="1">1748115608639</td><td rowspan="1">1</td></tr><tr class="failedeven"><td><a href="#m9">testCrossPlatformCompatibilityTest</a></td><td rowspan="1">1748115608640</td><td rowspan="1">1</td></tr><tr class="failedeven"><td><a href="#m10">testDataBackupTest</a></td><td rowspan="1">1748115608642</td><td rowspan="1">0</td></tr><tr class="failedeven"><td><a href="#m11">testDataEncryptionTest</a></td><td rowspan="1">1748115608643</td><td rowspan="1">1</td></tr><tr class="failedeven"><td><a href="#m12">testDataMigrationTest</a></td><td rowspan="1">1748115608645</td><td rowspan="1">0</td></tr><tr class="failedeven"><td><a href="#m13">testDataRetrievalTest</a></td><td rowspan="1">1748115608646</td><td rowspan="1">0</td></tr><tr class="failedeven"><td><a href="#m14">testDataSubmissionTest</a></td><td rowspan="1">1748115608649</td><td rowspan="1">1</td></tr><tr class="failedeven"><td><a href="#m15">testDataSynchronizationTest</a></td><td rowspan="1">1748115608651</td><td rowspan="1">0</td></tr><tr class="failedeven"><td><a href="#m16">testDataValidationTest</a></td><td rowspan="1">1748115608652</td><td rowspan="1">0</td></tr><tr class="failedeven"><td><a href="#m17">testDatabaseConnectionTest</a></td><td rowspan="1">1748115608653</td><td rowspan="1">0</td></tr><tr class="failedeven"><td><a href="#m18">testDatarchivingTest</a></td><td rowspan="1">1748115608654</td><td rowspan="1">0</td></tr><tr class="failedeven"><td><a href="#m19">testErrorHandlingTest</a></td><td rowspan="1">1748115608655</td><td rowspan="1">1</td></tr><tr class="failedeven"><td><a href="#m20">testErrorLoggingTest</a></td><td rowspan="1">1748115608656</td><td rowspan="1">1</td></tr><tr class="failedeven"><td><a href="#m21">testFeatureToggleTest</a></td><td rowspan="1">1748115608658</td><td rowspan="1">0</td></tr><tr class="failedeven"><td><a href="#m22">testIntegrationWithLegacySystemsTest</a></td><td rowspan="1">1748115608659</td><td rowspan="1">0</td></tr><tr class="failedeven"><td><a href="#m23">testLoadBalancingTest</a></td><td rowspan="1">1748115608660</td><td rowspan="1">0</td></tr><tr class="failedeven"><td><a href="#m24">testLocalizationTest</a></td><td rowspan="1">1748115608661</td><td rowspan="1">0</td></tr><tr class="failedeven"><td><a href="#m25">testLoggingAndMonitoringTest</a></td><td rowspan="1">1748115608662</td><td rowspan="1">1</td></tr><tr class="failedeven"><td><a href="#m26">testMultiUserScenariosTest</a></td><td rowspan="1">1748115608663</td><td rowspan="1">2</td></tr><tr class="failedeven"><td><a href="#m27">testNotificationSystemTest</a></td><td rowspan="1">1748115608666</td><td rowspan="1">1</td></tr><tr class="failedeven"><td><a href="#m28">testPerformanceMetricsTest</a></td><td rowspan="1">1748115608668</td><td rowspan="1">0</td></tr><tr class="failedeven"><td><a href="#m29">testRealTimeDataProcessingTest</a></td><td rowspan="1">1748115608669</td><td rowspan="1">1</td></tr><tr class="failedeven"><td><a href="#m30">testScalabilityTest</a></td><td rowspan="1">1748115608670</td><td rowspan="1">1</td></tr><tr class="failedeven"><td><a href="#m31">testSecurityFeaturesTest</a></td><td rowspan="1">1748115608671</td><td rowspan="1">1</td></tr><tr class="failedeven"><td><a href="#m32">testSessionManagementTest</a></td><td rowspan="1">1748115608672</td><td rowspan="1">1</td></tr><tr class="failedeven"><td><a href="#m33">testSystemAlertingTest</a></td><td rowspan="1">1748115608674</td><td rowspan="1">0</td></tr><tr class="failedeven"><td><a href="#m34">testSystemBackupTest</a></td><td rowspan="1">1748115608675</td><td rowspan="1">0</td></tr><tr class="failedeven"><td><a href="#m35">testSystemCompatibilityTest</a></td><td rowspan="1">1748115608676</td><td rowspan="1">0</td></tr><tr class="failedeven"><td><a href="#m36">testSystemConfigurabilityTest</a></td><td rowspan="1">1748115608677</td><td rowspan="1">0</td></tr><tr class="failedeven"><td><a href="#m37">testSystemDeploymentTest</a></td><td rowspan="1">1748115608678</td><td rowspan="1">0</td></tr><tr class="failedeven"><td><a href="#m38">testSystemDocumentationTest</a></td><td rowspan="1">1748115608679</td><td rowspan="1">0</td></tr><tr class="failedeven"><td><a href="#m39">testSystemExtensibilityTest</a></td><td rowspan="1">1748115608680</td><td rowspan="1">1</td></tr><tr class="failedeven"><td><a href="#m40">testSystemIntegrationTest</a></td><td rowspan="1">1748115608682</td><td rowspan="1">1</td></tr><tr class="failedeven"><td><a href="#m41">testSystemInteroperabilityTest</a></td><td rowspan="1">1748115608684</td><td rowspan="1">0</td></tr><tr class="failedeven"><td><a href="#m42">testSystemLoggingTest</a></td><td rowspan="1">1748115608685</td><td rowspan="1">0</td></tr><tr class="failedeven"><td><a href="#m43">testSystemMaintainabilityTest</a></td><td rowspan="1">1748115608685</td><td rowspan="1">1</td></tr><tr class="failedeven"><td><a href="#m44">testSystemMigrationTest</a></td><td rowspan="1">1748115608687</td><td rowspan="1">0</td></tr><tr class="failedeven"><td><a href="#m45">testSystemModularityTest</a></td><td rowspan="1">1748115608688</td><td rowspan="1">0</td></tr><tr class="failedeven"><td><a href="#m46">testSystemMonitoringTest</a></td><td rowspan="1">1748115608689</td><td rowspan="1">0</td></tr><tr class="failedeven"><td><a href="#m47">testSystemNotificationsTest</a></td><td rowspan="1">1748115608690</td><td rowspan="1">0</td></tr><tr class="failedeven"><td><a href="#m48">testSystemPerformanceTest</a></td><td rowspan="1">1748115608691</td><td rowspan="1">1</td></tr><tr class="failedeven"><td><a href="#m49">testSystemPortabilityTest</a></td><td rowspan="1">1748115608692</td><td rowspan="1">0</td></tr><tr class="failedeven"><td><a href="#m50">testSystemRecoveryTest</a></td><td rowspan="1">1748115608693</td><td rowspan="1">1</td></tr><tr class="failedeven"><td><a href="#m51">testSystemReliabilityTest</a></td><td rowspan="1">1748115608694</td><td rowspan="1">1</td></tr><tr class="failedeven"><td><a href="#m52">testSystemResourceUtilizationTest</a></td><td rowspan="1">1748115608695</td><td rowspan="1">0</td></tr><tr class="failedeven"><td><a href="#m53">testSystemRestorationTest</a></td><td rowspan="1">1748115608696</td><td rowspan="1">0</td></tr><tr class="failedeven"><td><a href="#m54">testSystemReusabilityTest</a></td><td rowspan="1">1748115608696</td><td rowspan="1">2</td></tr><tr class="failedeven"><td><a href="#m55">testSystemScalabilityTest</a></td><td rowspan="1">1748115608699</td><td rowspan="1">1</td></tr><tr class="failedeven"><td><a href="#m56">testSystemSecurityTest</a></td><td rowspan="1">1748115608701</td><td rowspan="1">0</td></tr><tr class="failedeven"><td><a href="#m57">testSystemTestabilityTest</a></td><td rowspan="1">1748115608702</td><td rowspan="1">0</td></tr><tr class="failedeven"><td><a href="#m58">testSystemUsabilityTest</a></td><td rowspan="1">1748115608704</td><td rowspan="1">1</td></tr><tr class="failedeven"><td><a href="#m59">testThirdPartyIntegrationsTest</a></td><td rowspan="1">1748115608705</td><td rowspan="1">0</td></tr><tr class="failedeven"><td><a href="#m60">testUIComponentsTest</a></td><td rowspan="1">1748115608706</td><td rowspan="1">1</td></tr><tr class="failedeven"><td><a href="#m61">testUserAnalyticsTest</a></td><td rowspan="1">1748115608707</td><td rowspan="1">0</td></tr><tr class="failedeven"><td><a href="#m62">testUserExperienceTest</a></td><td rowspan="1">1748115608708</td><td rowspan="1">0</td></tr><tr class="failedeven"><td><a href="#m63">testUserFeedbackTest</a></td><td rowspan="1">1748115608709</td><td rowspan="1">0</td></tr><tr class="failedeven"><td><a href="#m64">testUserInterfaceResponsivenessTest</a></td><td rowspan="1">1748115608709</td><td rowspan="1">1</td></tr><tr class="failedeven"><td><a href="#m65">testUserLoginTest</a></td><td rowspan="1">1748115608711</td><td rowspan="1">1</td></tr><tr class="failedeven"><td><a href="#m66">testUserLogoutTest</a></td><td rowspan="1">1748115608712</td><td rowspan="1">1</td></tr><tr class="failedeven"><td><a href="#m67">testUserPreferencesTest</a></td><td rowspan="1">1748115608714</td><td rowspan="1">1</td></tr><tr class="failedeven"><td><a href="#m68">testUserRegistrationTest</a></td><td rowspan="1">1748115608716</td><td rowspan="1">41</td></tr><tr class="failedeven"><td><a href="#m69">testVersionControlTest</a></td><td rowspan="1">1748115608758</td><td rowspan="1">0</td></tr><tr><th colspan="4">Test &#8212; passed</th></tr><tr class="passedeven"><td rowspan="70">maven_diares.MAven_single.EndtoEndapplicationTestcases</td><td><a href="#m70">testAPIIntegration</a></td><td rowspan="1">1748115608487</td><td rowspan="1">10</td></tr><tr class="passedeven"><td><a href="#m71">testAccessibilityFeatures</a></td><td rowspan="1">1748115608501</td><td rowspan="1">1</td></tr><tr class="passedeven"><td><a href="#m72">testApplicationShutdown</a></td><td rowspan="1">1748115608503</td><td rowspan="1">1</td></tr><tr class="passedeven"><td><a href="#m73">testApplicationStart</a></td><td rowspan="1">1748115608506</td><td rowspan="1">1</td></tr><tr class="passedeven"><td><a href="#m74">testApplicationUpdate</a></td><td rowspan="1">1748115608508</td><td rowspan="1">0</td></tr><tr class="passedeven"><td><a href="#m75">testAuditTrail</a></td><td rowspan="1">1748115608510</td><td rowspan="1">1</td></tr><tr class="passedeven"><td><a href="#m76">testBackupAndRestore</a></td><td rowspan="1">1748115608512</td><td rowspan="1">1</td></tr><tr class="passedeven"><td><a href="#m77">testComplianceChecks</a></td><td rowspan="1">1748115608516</td><td rowspan="1">2</td></tr><tr class="passedeven"><td><a href="#m78">testConfigurationSettings</a></td><td rowspan="1">1748115608520</td><td rowspan="1">1</td></tr><tr class="passedeven"><td><a href="#m79">testCrossPlatformCompatibility</a></td><td rowspan="1">1748115608522</td><td rowspan="1">1</td></tr><tr class="passedeven"><td><a href="#m80">testDataBackup</a></td><td rowspan="1">1748115608524</td><td rowspan="1">1</td></tr><tr class="passedeven"><td><a href="#m81">testDataEncryption</a></td><td rowspan="1">1748115608526</td><td rowspan="1">1</td></tr><tr class="passedeven"><td><a href="#m82">testDataMigration</a></td><td rowspan="1">1748115608528</td><td rowspan="1">1</td></tr><tr class="passedeven"><td><a href="#m83">testDataRetrieval</a></td><td rowspan="1">1748115608530</td><td rowspan="1">2</td></tr><tr class="passedeven"><td><a href="#m84">testDataSubmission</a></td><td rowspan="1">1748115608533</td><td rowspan="1">4</td></tr><tr class="passedeven"><td><a href="#m85">testDataSynchronization</a></td><td rowspan="1">1748115608538</td><td rowspan="1">1</td></tr><tr class="passedeven"><td><a href="#m86">testDataValidation</a></td><td rowspan="1">1748115608539</td><td rowspan="1">1</td></tr><tr class="passedeven"><td><a href="#m87">testDatabaseConnection</a></td><td rowspan="1">1748115608541</td><td rowspan="1">3</td></tr><tr class="passedeven"><td><a href="#m88">testDatarchiving</a></td><td rowspan="1">1748115608545</td><td rowspan="1">0</td></tr><tr class="passedeven"><td><a href="#m89">testErrorHandling</a></td><td rowspan="1">1748115608547</td><td rowspan="1">2</td></tr><tr class="passedeven"><td><a href="#m90">testErrorLogging</a></td><td rowspan="1">1748115608550</td><td rowspan="1">0</td></tr><tr class="passedeven"><td><a href="#m91">testFeatureToggle</a></td><td rowspan="1">1748115608551</td><td rowspan="1">0</td></tr><tr class="passedeven"><td><a href="#m92">testIntegrationWithLegacySystems</a></td><td rowspan="1">1748115608552</td><td rowspan="1">0</td></tr><tr class="passedeven"><td><a href="#m93">testLoadBalancing</a></td><td rowspan="1">1748115608553</td><td rowspan="1">1</td></tr><tr class="passedeven"><td><a href="#m94">testLocalization</a></td><td rowspan="1">1748115608555</td><td rowspan="1">0</td></tr><tr class="passedeven"><td><a href="#m95">testLoggingAndMonitoring</a></td><td rowspan="1">1748115608556</td><td rowspan="1">1</td></tr><tr class="passedeven"><td><a href="#m96">testMultiUserScenarios</a></td><td rowspan="1">1748115608557</td><td rowspan="1">1</td></tr><tr class="passedeven"><td><a href="#m97">testNotificationSystem</a></td><td rowspan="1">1748115608558</td><td rowspan="1">1</td></tr><tr class="passedeven"><td><a href="#m98">testPerformanceMetrics</a></td><td rowspan="1">1748115608560</td><td rowspan="1">0</td></tr><tr class="passedeven"><td><a href="#m99">testRealTimeDataProcessing</a></td><td rowspan="1">1748115608561</td><td rowspan="1">1</td></tr><tr class="passedeven"><td><a href="#m100">testScalability</a></td><td rowspan="1">1748115608563</td><td rowspan="1">1</td></tr><tr class="passedeven"><td><a href="#m101">testSecurityFeatures</a></td><td rowspan="1">1748115608566</td><td rowspan="1">1</td></tr><tr class="passedeven"><td><a href="#m102">testSessionManagement</a></td><td rowspan="1">1748115608567</td><td rowspan="1">2</td></tr><tr class="passedeven"><td><a href="#m103">testSystemAlerting</a></td><td rowspan="1">1748115608570</td><td rowspan="1">1</td></tr><tr class="passedeven"><td><a href="#m104">testSystemBackup</a></td><td rowspan="1">1748115608572</td><td rowspan="1">0</td></tr><tr class="passedeven"><td><a href="#m105">testSystemCompatibility</a></td><td rowspan="1">1748115608573</td><td rowspan="1">0</td></tr><tr class="passedeven"><td><a href="#m106">testSystemConfigurability</a></td><td rowspan="1">1748115608574</td><td rowspan="1">1</td></tr><tr class="passedeven"><td><a href="#m107">testSystemDeployment</a></td><td rowspan="1">1748115608576</td><td rowspan="1">0</td></tr><tr class="passedeven"><td><a href="#m108">testSystemDocumentation</a></td><td rowspan="1">1748115608577</td><td rowspan="1">1</td></tr><tr class="passedeven"><td><a href="#m109">testSystemExtensibility</a></td><td rowspan="1">1748115608578</td><td rowspan="1">1</td></tr><tr class="passedeven"><td><a href="#m110">testSystemIntegration</a></td><td rowspan="1">1748115608580</td><td rowspan="1">1</td></tr><tr class="passedeven"><td><a href="#m111">testSystemInteroperability</a></td><td rowspan="1">1748115608583</td><td rowspan="1">1</td></tr><tr class="passedeven"><td><a href="#m112">testSystemLogging</a></td><td rowspan="1">1748115608584</td><td rowspan="1">1</td></tr><tr class="passedeven"><td><a href="#m113">testSystemMaintainability</a></td><td rowspan="1">1748115608586</td><td rowspan="1">0</td></tr><tr class="passedeven"><td><a href="#m114">testSystemMigration</a></td><td rowspan="1">1748115608587</td><td rowspan="1">0</td></tr><tr class="passedeven"><td><a href="#m115">testSystemModularity</a></td><td rowspan="1">1748115608588</td><td rowspan="1">1</td></tr><tr class="passedeven"><td><a href="#m116">testSystemMonitoring</a></td><td rowspan="1">1748115608589</td><td rowspan="1">1</td></tr><tr class="passedeven"><td><a href="#m117">testSystemNotifications</a></td><td rowspan="1">1748115608590</td><td rowspan="1">1</td></tr><tr class="passedeven"><td><a href="#m118">testSystemPerformance</a></td><td rowspan="1">1748115608592</td><td rowspan="1">0</td></tr><tr class="passedeven"><td><a href="#m119">testSystemPortability</a></td><td rowspan="1">1748115608593</td><td rowspan="1">1</td></tr><tr class="passedeven"><td><a href="#m120">testSystemRecovery</a></td><td rowspan="1">1748115608594</td><td rowspan="1">1</td></tr><tr class="passedeven"><td><a href="#m121">testSystemReliability</a></td><td rowspan="1">1748115608595</td><td rowspan="1">1</td></tr><tr class="passedeven"><td><a href="#m122">testSystemResourceUtilization</a></td><td rowspan="1">1748115608598</td><td rowspan="1">2</td></tr><tr class="passedeven"><td><a href="#m123">testSystemRestoration</a></td><td rowspan="1">1748115608600</td><td rowspan="1">1</td></tr><tr class="passedeven"><td><a href="#m124">testSystemReusability</a></td><td rowspan="1">1748115608601</td><td rowspan="1">1</td></tr><tr class="passedeven"><td><a href="#m125">testSystemScalability</a></td><td rowspan="1">1748115608602</td><td rowspan="1">1</td></tr><tr class="passedeven"><td><a href="#m126">testSystemSecurity</a></td><td rowspan="1">1748115608603</td><td rowspan="1">1</td></tr><tr class="passedeven"><td><a href="#m127">testSystemTestability</a></td><td rowspan="1">1748115608604</td><td rowspan="1">1</td></tr><tr class="passedeven"><td><a href="#m128">testSystemUsability</a></td><td rowspan="1">1748115608605</td><td rowspan="1">1</td></tr><tr class="passedeven"><td><a href="#m129">testThirdPartyIntegrations</a></td><td rowspan="1">1748115608607</td><td rowspan="1">0</td></tr><tr class="passedeven"><td><a href="#m130">testUIComponents</a></td><td rowspan="1">1748115608608</td><td rowspan="1">0</td></tr><tr class="passedeven"><td><a href="#m131">testUserAnalytics</a></td><td rowspan="1">1748115608609</td><td rowspan="1">0</td></tr><tr class="passedeven"><td><a href="#m132">testUserExperience</a></td><td rowspan="1">1748115608610</td><td rowspan="1">1</td></tr><tr class="passedeven"><td><a href="#m133">testUserFeedback</a></td><td rowspan="1">1748115608611</td><td rowspan="1">1</td></tr><tr class="passedeven"><td><a href="#m134">testUserInterfaceResponsiveness</a></td><td rowspan="1">1748115608616</td><td rowspan="1">0</td></tr><tr class="passedeven"><td><a href="#m135">testUserLogin</a></td><td rowspan="1">1748115608617</td><td rowspan="1">0</td></tr><tr class="passedeven"><td><a href="#m136">testUserLogout</a></td><td rowspan="1">1748115608617</td><td rowspan="1">1</td></tr><tr class="passedeven"><td><a href="#m137">testUserPreferences</a></td><td rowspan="1">1748115608618</td><td rowspan="1">1</td></tr><tr class="passedeven"><td><a href="#m138">testUserRegistration</a></td><td rowspan="1">1748115608619</td><td rowspan="1">0</td></tr><tr class="passedeven"><td><a href="#m139">testVersionControl</a></td><td rowspan="1">1748115608620</td><td rowspan="1">0</td></tr></tbody>
</table>
<h2>Test</h2><h3 id="m0">maven_diares.MAven_single.EndtoEndapplicationTestcasesTest#testAPIIntegrationTest</h3><table class="result"><tr><th>Exception</th></tr><tr><td><div class="stacktrace">java.lang.RuntimeException: Test not implemented
	at maven_diares.MAven_single.EndtoEndapplicationTestcasesTest.testAPIIntegrationTest(EndtoEndapplicationTestcasesTest.java:9)
	at java.base/java.util.ArrayList.forEach(ArrayList.java:1597)
... Removed 25 stack frames</div></td></tr></table><p class="totop"><a href="#summary">back to summary</a></p>
<h3 id="m1">maven_diares.MAven_single.EndtoEndapplicationTestcasesTest#testAccessibilityFeaturesTest</h3><table class="result"><tr><th>Exception</th></tr><tr><td><div class="stacktrace">java.lang.RuntimeException: Test not implemented
	at maven_diares.MAven_single.EndtoEndapplicationTestcasesTest.testAccessibilityFeaturesTest(EndtoEndapplicationTestcasesTest.java:14)
	at java.base/java.util.ArrayList.forEach(ArrayList.java:1597)
... Removed 25 stack frames</div></td></tr></table><p class="totop"><a href="#summary">back to summary</a></p>
<h3 id="m2">maven_diares.MAven_single.EndtoEndapplicationTestcasesTest#testApplicationShutdownTest</h3><table class="result"><tr><th>Exception</th></tr><tr><td><div class="stacktrace">java.lang.RuntimeException: Test not implemented
	at maven_diares.MAven_single.EndtoEndapplicationTestcasesTest.testApplicationShutdownTest(EndtoEndapplicationTestcasesTest.java:19)
	at java.base/java.util.ArrayList.forEach(ArrayList.java:1597)
... Removed 25 stack frames</div></td></tr></table><p class="totop"><a href="#summary">back to summary</a></p>
<h3 id="m3">maven_diares.MAven_single.EndtoEndapplicationTestcasesTest#testApplicationStartTest</h3><table class="result"><tr><th>Exception</th></tr><tr><td><div class="stacktrace">java.lang.RuntimeException: Test not implemented
	at maven_diares.MAven_single.EndtoEndapplicationTestcasesTest.testApplicationStartTest(EndtoEndapplicationTestcasesTest.java:24)
	at java.base/java.util.ArrayList.forEach(ArrayList.java:1597)
... Removed 25 stack frames</div></td></tr></table><p class="totop"><a href="#summary">back to summary</a></p>
<h3 id="m4">maven_diares.MAven_single.EndtoEndapplicationTestcasesTest#testApplicationUpdateTest</h3><table class="result"><tr><th>Exception</th></tr><tr><td><div class="stacktrace">java.lang.RuntimeException: Test not implemented
	at maven_diares.MAven_single.EndtoEndapplicationTestcasesTest.testApplicationUpdateTest(EndtoEndapplicationTestcasesTest.java:29)
	at java.base/java.util.ArrayList.forEach(ArrayList.java:1597)
... Removed 25 stack frames</div></td></tr></table><p class="totop"><a href="#summary">back to summary</a></p>
<h3 id="m5">maven_diares.MAven_single.EndtoEndapplicationTestcasesTest#testAuditTrailTest</h3><table class="result"><tr><th>Exception</th></tr><tr><td><div class="stacktrace">java.lang.RuntimeException: Test not implemented
	at maven_diares.MAven_single.EndtoEndapplicationTestcasesTest.testAuditTrailTest(EndtoEndapplicationTestcasesTest.java:34)
	at java.base/java.util.ArrayList.forEach(ArrayList.java:1597)
... Removed 25 stack frames</div></td></tr></table><p class="totop"><a href="#summary">back to summary</a></p>
<h3 id="m6">maven_diares.MAven_single.EndtoEndapplicationTestcasesTest#testBackupAndRestoreTest</h3><table class="result"><tr><th>Exception</th></tr><tr><td><div class="stacktrace">java.lang.RuntimeException: Test not implemented
	at maven_diares.MAven_single.EndtoEndapplicationTestcasesTest.testBackupAndRestoreTest(EndtoEndapplicationTestcasesTest.java:39)
	at java.base/java.util.ArrayList.forEach(ArrayList.java:1597)
... Removed 25 stack frames</div></td></tr></table><p class="totop"><a href="#summary">back to summary</a></p>
<h3 id="m7">maven_diares.MAven_single.EndtoEndapplicationTestcasesTest#testComplianceChecksTest</h3><table class="result"><tr><th>Exception</th></tr><tr><td><div class="stacktrace">java.lang.RuntimeException: Test not implemented
	at maven_diares.MAven_single.EndtoEndapplicationTestcasesTest.testComplianceChecksTest(EndtoEndapplicationTestcasesTest.java:44)
	at java.base/java.util.ArrayList.forEach(ArrayList.java:1597)
... Removed 25 stack frames</div></td></tr></table><p class="totop"><a href="#summary">back to summary</a></p>
<h3 id="m8">maven_diares.MAven_single.EndtoEndapplicationTestcasesTest#testConfigurationSettingsTest</h3><table class="result"><tr><th>Exception</th></tr><tr><td><div class="stacktrace">java.lang.RuntimeException: Test not implemented
	at maven_diares.MAven_single.EndtoEndapplicationTestcasesTest.testConfigurationSettingsTest(EndtoEndapplicationTestcasesTest.java:49)
	at java.base/java.util.ArrayList.forEach(ArrayList.java:1597)
... Removed 25 stack frames</div></td></tr></table><p class="totop"><a href="#summary">back to summary</a></p>
<h3 id="m9">maven_diares.MAven_single.EndtoEndapplicationTestcasesTest#testCrossPlatformCompatibilityTest</h3><table class="result"><tr><th>Exception</th></tr><tr><td><div class="stacktrace">java.lang.RuntimeException: Test not implemented
	at maven_diares.MAven_single.EndtoEndapplicationTestcasesTest.testCrossPlatformCompatibilityTest(EndtoEndapplicationTestcasesTest.java:54)
	at java.base/java.util.ArrayList.forEach(ArrayList.java:1597)
... Removed 25 stack frames</div></td></tr></table><p class="totop"><a href="#summary">back to summary</a></p>
<h3 id="m10">maven_diares.MAven_single.EndtoEndapplicationTestcasesTest#testDataBackupTest</h3><table class="result"><tr><th>Exception</th></tr><tr><td><div class="stacktrace">java.lang.RuntimeException: Test not implemented
	at maven_diares.MAven_single.EndtoEndapplicationTestcasesTest.testDataBackupTest(EndtoEndapplicationTestcasesTest.java:59)
	at java.base/java.util.ArrayList.forEach(ArrayList.java:1597)
... Removed 25 stack frames</div></td></tr></table><p class="totop"><a href="#summary">back to summary</a></p>
<h3 id="m11">maven_diares.MAven_single.EndtoEndapplicationTestcasesTest#testDataEncryptionTest</h3><table class="result"><tr><th>Exception</th></tr><tr><td><div class="stacktrace">java.lang.RuntimeException: Test not implemented
	at maven_diares.MAven_single.EndtoEndapplicationTestcasesTest.testDataEncryptionTest(EndtoEndapplicationTestcasesTest.java:64)
	at java.base/java.util.ArrayList.forEach(ArrayList.java:1597)
... Removed 25 stack frames</div></td></tr></table><p class="totop"><a href="#summary">back to summary</a></p>
<h3 id="m12">maven_diares.MAven_single.EndtoEndapplicationTestcasesTest#testDataMigrationTest</h3><table class="result"><tr><th>Exception</th></tr><tr><td><div class="stacktrace">java.lang.RuntimeException: Test not implemented
	at maven_diares.MAven_single.EndtoEndapplicationTestcasesTest.testDataMigrationTest(EndtoEndapplicationTestcasesTest.java:69)
	at java.base/java.util.ArrayList.forEach(ArrayList.java:1597)
... Removed 25 stack frames</div></td></tr></table><p class="totop"><a href="#summary">back to summary</a></p>
<h3 id="m13">maven_diares.MAven_single.EndtoEndapplicationTestcasesTest#testDataRetrievalTest</h3><table class="result"><tr><th>Exception</th></tr><tr><td><div class="stacktrace">java.lang.RuntimeException: Test not implemented
	at maven_diares.MAven_single.EndtoEndapplicationTestcasesTest.testDataRetrievalTest(EndtoEndapplicationTestcasesTest.java:74)
	at java.base/java.util.ArrayList.forEach(ArrayList.java:1597)
... Removed 25 stack frames</div></td></tr></table><p class="totop"><a href="#summary">back to summary</a></p>
<h3 id="m14">maven_diares.MAven_single.EndtoEndapplicationTestcasesTest#testDataSubmissionTest</h3><table class="result"><tr><th>Exception</th></tr><tr><td><div class="stacktrace">java.lang.RuntimeException: Test not implemented
	at maven_diares.MAven_single.EndtoEndapplicationTestcasesTest.testDataSubmissionTest(EndtoEndapplicationTestcasesTest.java:79)
	at java.base/java.util.ArrayList.forEach(ArrayList.java:1597)
... Removed 25 stack frames</div></td></tr></table><p class="totop"><a href="#summary">back to summary</a></p>
<h3 id="m15">maven_diares.MAven_single.EndtoEndapplicationTestcasesTest#testDataSynchronizationTest</h3><table class="result"><tr><th>Exception</th></tr><tr><td><div class="stacktrace">java.lang.RuntimeException: Test not implemented
	at maven_diares.MAven_single.EndtoEndapplicationTestcasesTest.testDataSynchronizationTest(EndtoEndapplicationTestcasesTest.java:84)
	at java.base/java.util.ArrayList.forEach(ArrayList.java:1597)
... Removed 25 stack frames</div></td></tr></table><p class="totop"><a href="#summary">back to summary</a></p>
<h3 id="m16">maven_diares.MAven_single.EndtoEndapplicationTestcasesTest#testDataValidationTest</h3><table class="result"><tr><th>Exception</th></tr><tr><td><div class="stacktrace">java.lang.RuntimeException: Test not implemented
	at maven_diares.MAven_single.EndtoEndapplicationTestcasesTest.testDataValidationTest(EndtoEndapplicationTestcasesTest.java:89)
	at java.base/java.util.ArrayList.forEach(ArrayList.java:1597)
... Removed 25 stack frames</div></td></tr></table><p class="totop"><a href="#summary">back to summary</a></p>
<h3 id="m17">maven_diares.MAven_single.EndtoEndapplicationTestcasesTest#testDatabaseConnectionTest</h3><table class="result"><tr><th>Exception</th></tr><tr><td><div class="stacktrace">java.lang.RuntimeException: Test not implemented
	at maven_diares.MAven_single.EndtoEndapplicationTestcasesTest.testDatabaseConnectionTest(EndtoEndapplicationTestcasesTest.java:94)
	at java.base/java.util.ArrayList.forEach(ArrayList.java:1597)
... Removed 25 stack frames</div></td></tr></table><p class="totop"><a href="#summary">back to summary</a></p>
<h3 id="m18">maven_diares.MAven_single.EndtoEndapplicationTestcasesTest#testDatarchivingTest</h3><table class="result"><tr><th>Exception</th></tr><tr><td><div class="stacktrace">java.lang.RuntimeException: Test not implemented
	at maven_diares.MAven_single.EndtoEndapplicationTestcasesTest.testDatarchivingTest(EndtoEndapplicationTestcasesTest.java:99)
	at java.base/java.util.ArrayList.forEach(ArrayList.java:1597)
... Removed 25 stack frames</div></td></tr></table><p class="totop"><a href="#summary">back to summary</a></p>
<h3 id="m19">maven_diares.MAven_single.EndtoEndapplicationTestcasesTest#testErrorHandlingTest</h3><table class="result"><tr><th>Exception</th></tr><tr><td><div class="stacktrace">java.lang.RuntimeException: Test not implemented
	at maven_diares.MAven_single.EndtoEndapplicationTestcasesTest.testErrorHandlingTest(EndtoEndapplicationTestcasesTest.java:104)
	at java.base/java.util.ArrayList.forEach(ArrayList.java:1597)
... Removed 25 stack frames</div></td></tr></table><p class="totop"><a href="#summary">back to summary</a></p>
<h3 id="m20">maven_diares.MAven_single.EndtoEndapplicationTestcasesTest#testErrorLoggingTest</h3><table class="result"><tr><th>Exception</th></tr><tr><td><div class="stacktrace">java.lang.RuntimeException: Test not implemented
	at maven_diares.MAven_single.EndtoEndapplicationTestcasesTest.testErrorLoggingTest(EndtoEndapplicationTestcasesTest.java:109)
	at java.base/java.util.ArrayList.forEach(ArrayList.java:1597)
... Removed 25 stack frames</div></td></tr></table><p class="totop"><a href="#summary">back to summary</a></p>
<h3 id="m21">maven_diares.MAven_single.EndtoEndapplicationTestcasesTest#testFeatureToggleTest</h3><table class="result"><tr><th>Exception</th></tr><tr><td><div class="stacktrace">java.lang.RuntimeException: Test not implemented
	at maven_diares.MAven_single.EndtoEndapplicationTestcasesTest.testFeatureToggleTest(EndtoEndapplicationTestcasesTest.java:114)
	at java.base/java.util.ArrayList.forEach(ArrayList.java:1597)
... Removed 25 stack frames</div></td></tr></table><p class="totop"><a href="#summary">back to summary</a></p>
<h3 id="m22">maven_diares.MAven_single.EndtoEndapplicationTestcasesTest#testIntegrationWithLegacySystemsTest</h3><table class="result"><tr><th>Exception</th></tr><tr><td><div class="stacktrace">java.lang.RuntimeException: Test not implemented
	at maven_diares.MAven_single.EndtoEndapplicationTestcasesTest.testIntegrationWithLegacySystemsTest(EndtoEndapplicationTestcasesTest.java:119)
	at java.base/java.util.ArrayList.forEach(ArrayList.java:1597)
... Removed 25 stack frames</div></td></tr></table><p class="totop"><a href="#summary">back to summary</a></p>
<h3 id="m23">maven_diares.MAven_single.EndtoEndapplicationTestcasesTest#testLoadBalancingTest</h3><table class="result"><tr><th>Exception</th></tr><tr><td><div class="stacktrace">java.lang.RuntimeException: Test not implemented
	at maven_diares.MAven_single.EndtoEndapplicationTestcasesTest.testLoadBalancingTest(EndtoEndapplicationTestcasesTest.java:124)
	at java.base/java.util.ArrayList.forEach(ArrayList.java:1597)
... Removed 25 stack frames</div></td></tr></table><p class="totop"><a href="#summary">back to summary</a></p>
<h3 id="m24">maven_diares.MAven_single.EndtoEndapplicationTestcasesTest#testLocalizationTest</h3><table class="result"><tr><th>Exception</th></tr><tr><td><div class="stacktrace">java.lang.RuntimeException: Test not implemented
	at maven_diares.MAven_single.EndtoEndapplicationTestcasesTest.testLocalizationTest(EndtoEndapplicationTestcasesTest.java:129)
	at java.base/java.util.ArrayList.forEach(ArrayList.java:1597)
... Removed 25 stack frames</div></td></tr></table><p class="totop"><a href="#summary">back to summary</a></p>
<h3 id="m25">maven_diares.MAven_single.EndtoEndapplicationTestcasesTest#testLoggingAndMonitoringTest</h3><table class="result"><tr><th>Exception</th></tr><tr><td><div class="stacktrace">java.lang.RuntimeException: Test not implemented
	at maven_diares.MAven_single.EndtoEndapplicationTestcasesTest.testLoggingAndMonitoringTest(EndtoEndapplicationTestcasesTest.java:134)
	at java.base/java.util.ArrayList.forEach(ArrayList.java:1597)
... Removed 25 stack frames</div></td></tr></table><p class="totop"><a href="#summary">back to summary</a></p>
<h3 id="m26">maven_diares.MAven_single.EndtoEndapplicationTestcasesTest#testMultiUserScenariosTest</h3><table class="result"><tr><th>Exception</th></tr><tr><td><div class="stacktrace">java.lang.RuntimeException: Test not implemented
	at maven_diares.MAven_single.EndtoEndapplicationTestcasesTest.testMultiUserScenariosTest(EndtoEndapplicationTestcasesTest.java:139)
	at java.base/java.util.ArrayList.forEach(ArrayList.java:1597)
... Removed 25 stack frames</div></td></tr></table><p class="totop"><a href="#summary">back to summary</a></p>
<h3 id="m27">maven_diares.MAven_single.EndtoEndapplicationTestcasesTest#testNotificationSystemTest</h3><table class="result"><tr><th>Exception</th></tr><tr><td><div class="stacktrace">java.lang.RuntimeException: Test not implemented
	at maven_diares.MAven_single.EndtoEndapplicationTestcasesTest.testNotificationSystemTest(EndtoEndapplicationTestcasesTest.java:144)
	at java.base/java.util.ArrayList.forEach(ArrayList.java:1597)
... Removed 25 stack frames</div></td></tr></table><p class="totop"><a href="#summary">back to summary</a></p>
<h3 id="m28">maven_diares.MAven_single.EndtoEndapplicationTestcasesTest#testPerformanceMetricsTest</h3><table class="result"><tr><th>Exception</th></tr><tr><td><div class="stacktrace">java.lang.RuntimeException: Test not implemented
	at maven_diares.MAven_single.EndtoEndapplicationTestcasesTest.testPerformanceMetricsTest(EndtoEndapplicationTestcasesTest.java:149)
	at java.base/java.util.ArrayList.forEach(ArrayList.java:1597)
... Removed 25 stack frames</div></td></tr></table><p class="totop"><a href="#summary">back to summary</a></p>
<h3 id="m29">maven_diares.MAven_single.EndtoEndapplicationTestcasesTest#testRealTimeDataProcessingTest</h3><table class="result"><tr><th>Exception</th></tr><tr><td><div class="stacktrace">java.lang.RuntimeException: Test not implemented
	at maven_diares.MAven_single.EndtoEndapplicationTestcasesTest.testRealTimeDataProcessingTest(EndtoEndapplicationTestcasesTest.java:154)
	at java.base/java.util.ArrayList.forEach(ArrayList.java:1597)
... Removed 25 stack frames</div></td></tr></table><p class="totop"><a href="#summary">back to summary</a></p>
<h3 id="m30">maven_diares.MAven_single.EndtoEndapplicationTestcasesTest#testScalabilityTest</h3><table class="result"><tr><th>Exception</th></tr><tr><td><div class="stacktrace">java.lang.RuntimeException: Test not implemented
	at maven_diares.MAven_single.EndtoEndapplicationTestcasesTest.testScalabilityTest(EndtoEndapplicationTestcasesTest.java:159)
	at java.base/java.util.ArrayList.forEach(ArrayList.java:1597)
... Removed 25 stack frames</div></td></tr></table><p class="totop"><a href="#summary">back to summary</a></p>
<h3 id="m31">maven_diares.MAven_single.EndtoEndapplicationTestcasesTest#testSecurityFeaturesTest</h3><table class="result"><tr><th>Exception</th></tr><tr><td><div class="stacktrace">java.lang.RuntimeException: Test not implemented
	at maven_diares.MAven_single.EndtoEndapplicationTestcasesTest.testSecurityFeaturesTest(EndtoEndapplicationTestcasesTest.java:164)
	at java.base/java.util.ArrayList.forEach(ArrayList.java:1597)
... Removed 25 stack frames</div></td></tr></table><p class="totop"><a href="#summary">back to summary</a></p>
<h3 id="m32">maven_diares.MAven_single.EndtoEndapplicationTestcasesTest#testSessionManagementTest</h3><table class="result"><tr><th>Exception</th></tr><tr><td><div class="stacktrace">java.lang.RuntimeException: Test not implemented
	at maven_diares.MAven_single.EndtoEndapplicationTestcasesTest.testSessionManagementTest(EndtoEndapplicationTestcasesTest.java:169)
	at java.base/java.util.ArrayList.forEach(ArrayList.java:1597)
... Removed 25 stack frames</div></td></tr></table><p class="totop"><a href="#summary">back to summary</a></p>
<h3 id="m33">maven_diares.MAven_single.EndtoEndapplicationTestcasesTest#testSystemAlertingTest</h3><table class="result"><tr><th>Exception</th></tr><tr><td><div class="stacktrace">java.lang.RuntimeException: Test not implemented
	at maven_diares.MAven_single.EndtoEndapplicationTestcasesTest.testSystemAlertingTest(EndtoEndapplicationTestcasesTest.java:174)
	at java.base/java.util.ArrayList.forEach(ArrayList.java:1597)
... Removed 25 stack frames</div></td></tr></table><p class="totop"><a href="#summary">back to summary</a></p>
<h3 id="m34">maven_diares.MAven_single.EndtoEndapplicationTestcasesTest#testSystemBackupTest</h3><table class="result"><tr><th>Exception</th></tr><tr><td><div class="stacktrace">java.lang.RuntimeException: Test not implemented
	at maven_diares.MAven_single.EndtoEndapplicationTestcasesTest.testSystemBackupTest(EndtoEndapplicationTestcasesTest.java:179)
	at java.base/java.util.ArrayList.forEach(ArrayList.java:1597)
... Removed 25 stack frames</div></td></tr></table><p class="totop"><a href="#summary">back to summary</a></p>
<h3 id="m35">maven_diares.MAven_single.EndtoEndapplicationTestcasesTest#testSystemCompatibilityTest</h3><table class="result"><tr><th>Exception</th></tr><tr><td><div class="stacktrace">java.lang.RuntimeException: Test not implemented
	at maven_diares.MAven_single.EndtoEndapplicationTestcasesTest.testSystemCompatibilityTest(EndtoEndapplicationTestcasesTest.java:184)
	at java.base/java.util.ArrayList.forEach(ArrayList.java:1597)
... Removed 25 stack frames</div></td></tr></table><p class="totop"><a href="#summary">back to summary</a></p>
<h3 id="m36">maven_diares.MAven_single.EndtoEndapplicationTestcasesTest#testSystemConfigurabilityTest</h3><table class="result"><tr><th>Exception</th></tr><tr><td><div class="stacktrace">java.lang.RuntimeException: Test not implemented
	at maven_diares.MAven_single.EndtoEndapplicationTestcasesTest.testSystemConfigurabilityTest(EndtoEndapplicationTestcasesTest.java:189)
	at java.base/java.util.ArrayList.forEach(ArrayList.java:1597)
... Removed 25 stack frames</div></td></tr></table><p class="totop"><a href="#summary">back to summary</a></p>
<h3 id="m37">maven_diares.MAven_single.EndtoEndapplicationTestcasesTest#testSystemDeploymentTest</h3><table class="result"><tr><th>Exception</th></tr><tr><td><div class="stacktrace">java.lang.RuntimeException: Test not implemented
	at maven_diares.MAven_single.EndtoEndapplicationTestcasesTest.testSystemDeploymentTest(EndtoEndapplicationTestcasesTest.java:194)
	at java.base/java.util.ArrayList.forEach(ArrayList.java:1597)
... Removed 25 stack frames</div></td></tr></table><p class="totop"><a href="#summary">back to summary</a></p>
<h3 id="m38">maven_diares.MAven_single.EndtoEndapplicationTestcasesTest#testSystemDocumentationTest</h3><table class="result"><tr><th>Exception</th></tr><tr><td><div class="stacktrace">java.lang.RuntimeException: Test not implemented
	at maven_diares.MAven_single.EndtoEndapplicationTestcasesTest.testSystemDocumentationTest(EndtoEndapplicationTestcasesTest.java:199)
	at java.base/java.util.ArrayList.forEach(ArrayList.java:1597)
... Removed 25 stack frames</div></td></tr></table><p class="totop"><a href="#summary">back to summary</a></p>
<h3 id="m39">maven_diares.MAven_single.EndtoEndapplicationTestcasesTest#testSystemExtensibilityTest</h3><table class="result"><tr><th>Exception</th></tr><tr><td><div class="stacktrace">java.lang.RuntimeException: Test not implemented
	at maven_diares.MAven_single.EndtoEndapplicationTestcasesTest.testSystemExtensibilityTest(EndtoEndapplicationTestcasesTest.java:204)
	at java.base/java.util.ArrayList.forEach(ArrayList.java:1597)
... Removed 25 stack frames</div></td></tr></table><p class="totop"><a href="#summary">back to summary</a></p>
<h3 id="m40">maven_diares.MAven_single.EndtoEndapplicationTestcasesTest#testSystemIntegrationTest</h3><table class="result"><tr><th>Exception</th></tr><tr><td><div class="stacktrace">java.lang.RuntimeException: Test not implemented
	at maven_diares.MAven_single.EndtoEndapplicationTestcasesTest.testSystemIntegrationTest(EndtoEndapplicationTestcasesTest.java:209)
	at java.base/java.util.ArrayList.forEach(ArrayList.java:1597)
... Removed 25 stack frames</div></td></tr></table><p class="totop"><a href="#summary">back to summary</a></p>
<h3 id="m41">maven_diares.MAven_single.EndtoEndapplicationTestcasesTest#testSystemInteroperabilityTest</h3><table class="result"><tr><th>Exception</th></tr><tr><td><div class="stacktrace">java.lang.RuntimeException: Test not implemented
	at maven_diares.MAven_single.EndtoEndapplicationTestcasesTest.testSystemInteroperabilityTest(EndtoEndapplicationTestcasesTest.java:214)
	at java.base/java.util.ArrayList.forEach(ArrayList.java:1597)
... Removed 25 stack frames</div></td></tr></table><p class="totop"><a href="#summary">back to summary</a></p>
<h3 id="m42">maven_diares.MAven_single.EndtoEndapplicationTestcasesTest#testSystemLoggingTest</h3><table class="result"><tr><th>Exception</th></tr><tr><td><div class="stacktrace">java.lang.RuntimeException: Test not implemented
	at maven_diares.MAven_single.EndtoEndapplicationTestcasesTest.testSystemLoggingTest(EndtoEndapplicationTestcasesTest.java:219)
	at java.base/java.util.ArrayList.forEach(ArrayList.java:1597)
... Removed 25 stack frames</div></td></tr></table><p class="totop"><a href="#summary">back to summary</a></p>
<h3 id="m43">maven_diares.MAven_single.EndtoEndapplicationTestcasesTest#testSystemMaintainabilityTest</h3><table class="result"><tr><th>Exception</th></tr><tr><td><div class="stacktrace">java.lang.RuntimeException: Test not implemented
	at maven_diares.MAven_single.EndtoEndapplicationTestcasesTest.testSystemMaintainabilityTest(EndtoEndapplicationTestcasesTest.java:224)
	at java.base/java.util.ArrayList.forEach(ArrayList.java:1597)
... Removed 25 stack frames</div></td></tr></table><p class="totop"><a href="#summary">back to summary</a></p>
<h3 id="m44">maven_diares.MAven_single.EndtoEndapplicationTestcasesTest#testSystemMigrationTest</h3><table class="result"><tr><th>Exception</th></tr><tr><td><div class="stacktrace">java.lang.RuntimeException: Test not implemented
	at maven_diares.MAven_single.EndtoEndapplicationTestcasesTest.testSystemMigrationTest(EndtoEndapplicationTestcasesTest.java:229)
	at java.base/java.util.ArrayList.forEach(ArrayList.java:1597)
... Removed 25 stack frames</div></td></tr></table><p class="totop"><a href="#summary">back to summary</a></p>
<h3 id="m45">maven_diares.MAven_single.EndtoEndapplicationTestcasesTest#testSystemModularityTest</h3><table class="result"><tr><th>Exception</th></tr><tr><td><div class="stacktrace">java.lang.RuntimeException: Test not implemented
	at maven_diares.MAven_single.EndtoEndapplicationTestcasesTest.testSystemModularityTest(EndtoEndapplicationTestcasesTest.java:234)
	at java.base/java.util.ArrayList.forEach(ArrayList.java:1597)
... Removed 25 stack frames</div></td></tr></table><p class="totop"><a href="#summary">back to summary</a></p>
<h3 id="m46">maven_diares.MAven_single.EndtoEndapplicationTestcasesTest#testSystemMonitoringTest</h3><table class="result"><tr><th>Exception</th></tr><tr><td><div class="stacktrace">java.lang.RuntimeException: Test not implemented
	at maven_diares.MAven_single.EndtoEndapplicationTestcasesTest.testSystemMonitoringTest(EndtoEndapplicationTestcasesTest.java:239)
	at java.base/java.util.ArrayList.forEach(ArrayList.java:1597)
... Removed 25 stack frames</div></td></tr></table><p class="totop"><a href="#summary">back to summary</a></p>
<h3 id="m47">maven_diares.MAven_single.EndtoEndapplicationTestcasesTest#testSystemNotificationsTest</h3><table class="result"><tr><th>Exception</th></tr><tr><td><div class="stacktrace">java.lang.RuntimeException: Test not implemented
	at maven_diares.MAven_single.EndtoEndapplicationTestcasesTest.testSystemNotificationsTest(EndtoEndapplicationTestcasesTest.java:244)
	at java.base/java.util.ArrayList.forEach(ArrayList.java:1597)
... Removed 25 stack frames</div></td></tr></table><p class="totop"><a href="#summary">back to summary</a></p>
<h3 id="m48">maven_diares.MAven_single.EndtoEndapplicationTestcasesTest#testSystemPerformanceTest</h3><table class="result"><tr><th>Exception</th></tr><tr><td><div class="stacktrace">java.lang.RuntimeException: Test not implemented
	at maven_diares.MAven_single.EndtoEndapplicationTestcasesTest.testSystemPerformanceTest(EndtoEndapplicationTestcasesTest.java:249)
	at java.base/java.util.ArrayList.forEach(ArrayList.java:1597)
... Removed 25 stack frames</div></td></tr></table><p class="totop"><a href="#summary">back to summary</a></p>
<h3 id="m49">maven_diares.MAven_single.EndtoEndapplicationTestcasesTest#testSystemPortabilityTest</h3><table class="result"><tr><th>Exception</th></tr><tr><td><div class="stacktrace">java.lang.RuntimeException: Test not implemented
	at maven_diares.MAven_single.EndtoEndapplicationTestcasesTest.testSystemPortabilityTest(EndtoEndapplicationTestcasesTest.java:254)
	at java.base/java.util.ArrayList.forEach(ArrayList.java:1597)
... Removed 25 stack frames</div></td></tr></table><p class="totop"><a href="#summary">back to summary</a></p>
<h3 id="m50">maven_diares.MAven_single.EndtoEndapplicationTestcasesTest#testSystemRecoveryTest</h3><table class="result"><tr><th>Exception</th></tr><tr><td><div class="stacktrace">java.lang.RuntimeException: Test not implemented
	at maven_diares.MAven_single.EndtoEndapplicationTestcasesTest.testSystemRecoveryTest(EndtoEndapplicationTestcasesTest.java:259)
	at java.base/java.util.ArrayList.forEach(ArrayList.java:1597)
... Removed 25 stack frames</div></td></tr></table><p class="totop"><a href="#summary">back to summary</a></p>
<h3 id="m51">maven_diares.MAven_single.EndtoEndapplicationTestcasesTest#testSystemReliabilityTest</h3><table class="result"><tr><th>Exception</th></tr><tr><td><div class="stacktrace">java.lang.RuntimeException: Test not implemented
	at maven_diares.MAven_single.EndtoEndapplicationTestcasesTest.testSystemReliabilityTest(EndtoEndapplicationTestcasesTest.java:264)
	at java.base/java.util.ArrayList.forEach(ArrayList.java:1597)
... Removed 25 stack frames</div></td></tr></table><p class="totop"><a href="#summary">back to summary</a></p>
<h3 id="m52">maven_diares.MAven_single.EndtoEndapplicationTestcasesTest#testSystemResourceUtilizationTest</h3><table class="result"><tr><th>Exception</th></tr><tr><td><div class="stacktrace">java.lang.RuntimeException: Test not implemented
	at maven_diares.MAven_single.EndtoEndapplicationTestcasesTest.testSystemResourceUtilizationTest(EndtoEndapplicationTestcasesTest.java:269)
	at java.base/java.util.ArrayList.forEach(ArrayList.java:1597)
... Removed 25 stack frames</div></td></tr></table><p class="totop"><a href="#summary">back to summary</a></p>
<h3 id="m53">maven_diares.MAven_single.EndtoEndapplicationTestcasesTest#testSystemRestorationTest</h3><table class="result"><tr><th>Exception</th></tr><tr><td><div class="stacktrace">java.lang.RuntimeException: Test not implemented
	at maven_diares.MAven_single.EndtoEndapplicationTestcasesTest.testSystemRestorationTest(EndtoEndapplicationTestcasesTest.java:274)
	at java.base/java.util.ArrayList.forEach(ArrayList.java:1597)
... Removed 25 stack frames</div></td></tr></table><p class="totop"><a href="#summary">back to summary</a></p>
<h3 id="m54">maven_diares.MAven_single.EndtoEndapplicationTestcasesTest#testSystemReusabilityTest</h3><table class="result"><tr><th>Exception</th></tr><tr><td><div class="stacktrace">java.lang.RuntimeException: Test not implemented
	at maven_diares.MAven_single.EndtoEndapplicationTestcasesTest.testSystemReusabilityTest(EndtoEndapplicationTestcasesTest.java:279)
	at java.base/java.util.ArrayList.forEach(ArrayList.java:1597)
... Removed 25 stack frames</div></td></tr></table><p class="totop"><a href="#summary">back to summary</a></p>
<h3 id="m55">maven_diares.MAven_single.EndtoEndapplicationTestcasesTest#testSystemScalabilityTest</h3><table class="result"><tr><th>Exception</th></tr><tr><td><div class="stacktrace">java.lang.RuntimeException: Test not implemented
	at maven_diares.MAven_single.EndtoEndapplicationTestcasesTest.testSystemScalabilityTest(EndtoEndapplicationTestcasesTest.java:284)
	at java.base/java.util.ArrayList.forEach(ArrayList.java:1597)
... Removed 25 stack frames</div></td></tr></table><p class="totop"><a href="#summary">back to summary</a></p>
<h3 id="m56">maven_diares.MAven_single.EndtoEndapplicationTestcasesTest#testSystemSecurityTest</h3><table class="result"><tr><th>Exception</th></tr><tr><td><div class="stacktrace">java.lang.RuntimeException: Test not implemented
	at maven_diares.MAven_single.EndtoEndapplicationTestcasesTest.testSystemSecurityTest(EndtoEndapplicationTestcasesTest.java:289)
	at java.base/java.util.ArrayList.forEach(ArrayList.java:1597)
... Removed 25 stack frames</div></td></tr></table><p class="totop"><a href="#summary">back to summary</a></p>
<h3 id="m57">maven_diares.MAven_single.EndtoEndapplicationTestcasesTest#testSystemTestabilityTest</h3><table class="result"><tr><th>Exception</th></tr><tr><td><div class="stacktrace">java.lang.RuntimeException: Test not implemented
	at maven_diares.MAven_single.EndtoEndapplicationTestcasesTest.testSystemTestabilityTest(EndtoEndapplicationTestcasesTest.java:294)
	at java.base/java.util.ArrayList.forEach(ArrayList.java:1597)
... Removed 25 stack frames</div></td></tr></table><p class="totop"><a href="#summary">back to summary</a></p>
<h3 id="m58">maven_diares.MAven_single.EndtoEndapplicationTestcasesTest#testSystemUsabilityTest</h3><table class="result"><tr><th>Exception</th></tr><tr><td><div class="stacktrace">java.lang.RuntimeException: Test not implemented
	at maven_diares.MAven_single.EndtoEndapplicationTestcasesTest.testSystemUsabilityTest(EndtoEndapplicationTestcasesTest.java:299)
	at java.base/java.util.ArrayList.forEach(ArrayList.java:1597)
... Removed 25 stack frames</div></td></tr></table><p class="totop"><a href="#summary">back to summary</a></p>
<h3 id="m59">maven_diares.MAven_single.EndtoEndapplicationTestcasesTest#testThirdPartyIntegrationsTest</h3><table class="result"><tr><th>Exception</th></tr><tr><td><div class="stacktrace">java.lang.RuntimeException: Test not implemented
	at maven_diares.MAven_single.EndtoEndapplicationTestcasesTest.testThirdPartyIntegrationsTest(EndtoEndapplicationTestcasesTest.java:304)
	at java.base/java.util.ArrayList.forEach(ArrayList.java:1597)
... Removed 25 stack frames</div></td></tr></table><p class="totop"><a href="#summary">back to summary</a></p>
<h3 id="m60">maven_diares.MAven_single.EndtoEndapplicationTestcasesTest#testUIComponentsTest</h3><table class="result"><tr><th>Exception</th></tr><tr><td><div class="stacktrace">java.lang.RuntimeException: Test not implemented
	at maven_diares.MAven_single.EndtoEndapplicationTestcasesTest.testUIComponentsTest(EndtoEndapplicationTestcasesTest.java:309)
	at java.base/java.util.ArrayList.forEach(ArrayList.java:1597)
... Removed 25 stack frames</div></td></tr></table><p class="totop"><a href="#summary">back to summary</a></p>
<h3 id="m61">maven_diares.MAven_single.EndtoEndapplicationTestcasesTest#testUserAnalyticsTest</h3><table class="result"><tr><th>Exception</th></tr><tr><td><div class="stacktrace">java.lang.RuntimeException: Test not implemented
	at maven_diares.MAven_single.EndtoEndapplicationTestcasesTest.testUserAnalyticsTest(EndtoEndapplicationTestcasesTest.java:314)
	at java.base/java.util.ArrayList.forEach(ArrayList.java:1597)
... Removed 25 stack frames</div></td></tr></table><p class="totop"><a href="#summary">back to summary</a></p>
<h3 id="m62">maven_diares.MAven_single.EndtoEndapplicationTestcasesTest#testUserExperienceTest</h3><table class="result"><tr><th>Exception</th></tr><tr><td><div class="stacktrace">java.lang.RuntimeException: Test not implemented
	at maven_diares.MAven_single.EndtoEndapplicationTestcasesTest.testUserExperienceTest(EndtoEndapplicationTestcasesTest.java:319)
	at java.base/java.util.ArrayList.forEach(ArrayList.java:1597)
... Removed 25 stack frames</div></td></tr></table><p class="totop"><a href="#summary">back to summary</a></p>
<h3 id="m63">maven_diares.MAven_single.EndtoEndapplicationTestcasesTest#testUserFeedbackTest</h3><table class="result"><tr><th>Exception</th></tr><tr><td><div class="stacktrace">java.lang.RuntimeException: Test not implemented
	at maven_diares.MAven_single.EndtoEndapplicationTestcasesTest.testUserFeedbackTest(EndtoEndapplicationTestcasesTest.java:324)
	at java.base/java.util.ArrayList.forEach(ArrayList.java:1597)
... Removed 25 stack frames</div></td></tr></table><p class="totop"><a href="#summary">back to summary</a></p>
<h3 id="m64">maven_diares.MAven_single.EndtoEndapplicationTestcasesTest#testUserInterfaceResponsivenessTest</h3><table class="result"><tr><th>Exception</th></tr><tr><td><div class="stacktrace">java.lang.RuntimeException: Test not implemented
	at maven_diares.MAven_single.EndtoEndapplicationTestcasesTest.testUserInterfaceResponsivenessTest(EndtoEndapplicationTestcasesTest.java:329)
	at java.base/java.util.ArrayList.forEach(ArrayList.java:1597)
... Removed 25 stack frames</div></td></tr></table><p class="totop"><a href="#summary">back to summary</a></p>
<h3 id="m65">maven_diares.MAven_single.EndtoEndapplicationTestcasesTest#testUserLoginTest</h3><table class="result"><tr><th>Exception</th></tr><tr><td><div class="stacktrace">java.lang.RuntimeException: Test not implemented
	at maven_diares.MAven_single.EndtoEndapplicationTestcasesTest.testUserLoginTest(EndtoEndapplicationTestcasesTest.java:334)
	at java.base/java.util.ArrayList.forEach(ArrayList.java:1597)
... Removed 25 stack frames</div></td></tr></table><p class="totop"><a href="#summary">back to summary</a></p>
<h3 id="m66">maven_diares.MAven_single.EndtoEndapplicationTestcasesTest#testUserLogoutTest</h3><table class="result"><tr><th>Exception</th></tr><tr><td><div class="stacktrace">java.lang.RuntimeException: Test not implemented
	at maven_diares.MAven_single.EndtoEndapplicationTestcasesTest.testUserLogoutTest(EndtoEndapplicationTestcasesTest.java:339)
	at java.base/java.util.ArrayList.forEach(ArrayList.java:1597)
... Removed 25 stack frames</div></td></tr></table><p class="totop"><a href="#summary">back to summary</a></p>
<h3 id="m67">maven_diares.MAven_single.EndtoEndapplicationTestcasesTest#testUserPreferencesTest</h3><table class="result"><tr><th>Exception</th></tr><tr><td><div class="stacktrace">java.lang.RuntimeException: Test not implemented
	at maven_diares.MAven_single.EndtoEndapplicationTestcasesTest.testUserPreferencesTest(EndtoEndapplicationTestcasesTest.java:344)
	at java.base/java.util.ArrayList.forEach(ArrayList.java:1597)
... Removed 25 stack frames</div></td></tr></table><p class="totop"><a href="#summary">back to summary</a></p>
<h3 id="m68">maven_diares.MAven_single.EndtoEndapplicationTestcasesTest#testUserRegistrationTest</h3><table class="result"><tr><th>Exception</th></tr><tr><td><div class="stacktrace">java.lang.RuntimeException: Test not implemented
	at maven_diares.MAven_single.EndtoEndapplicationTestcasesTest.testUserRegistrationTest(EndtoEndapplicationTestcasesTest.java:349)
	at java.base/java.util.ArrayList.forEach(ArrayList.java:1597)
... Removed 25 stack frames</div></td></tr></table><p class="totop"><a href="#summary">back to summary</a></p>
<h3 id="m69">maven_diares.MAven_single.EndtoEndapplicationTestcasesTest#testVersionControlTest</h3><table class="result"><tr><th>Exception</th></tr><tr><td><div class="stacktrace">java.lang.RuntimeException: Test not implemented
	at maven_diares.MAven_single.EndtoEndapplicationTestcasesTest.testVersionControlTest(EndtoEndapplicationTestcasesTest.java:354)
	at java.base/java.util.ArrayList.forEach(ArrayList.java:1597)
... Removed 25 stack frames</div></td></tr></table><p class="totop"><a href="#summary">back to summary</a></p>
<h3 id="m70">maven_diares.MAven_single.EndtoEndapplicationTestcases#testAPIIntegration</h3><table class="result"><tr><th class="invisible"/></tr></table><p class="totop"><a href="#summary">back to summary</a></p>
<h3 id="m71">maven_diares.MAven_single.EndtoEndapplicationTestcases#testAccessibilityFeatures</h3><table class="result"><tr><th class="invisible"/></tr></table><p class="totop"><a href="#summary">back to summary</a></p>
<h3 id="m72">maven_diares.MAven_single.EndtoEndapplicationTestcases#testApplicationShutdown</h3><table class="result"><tr><th class="invisible"/></tr></table><p class="totop"><a href="#summary">back to summary</a></p>
<h3 id="m73">maven_diares.MAven_single.EndtoEndapplicationTestcases#testApplicationStart</h3><table class="result"><tr><th class="invisible"/></tr></table><p class="totop"><a href="#summary">back to summary</a></p>
<h3 id="m74">maven_diares.MAven_single.EndtoEndapplicationTestcases#testApplicationUpdate</h3><table class="result"><tr><th class="invisible"/></tr></table><p class="totop"><a href="#summary">back to summary</a></p>
<h3 id="m75">maven_diares.MAven_single.EndtoEndapplicationTestcases#testAuditTrail</h3><table class="result"><tr><th class="invisible"/></tr></table><p class="totop"><a href="#summary">back to summary</a></p>
<h3 id="m76">maven_diares.MAven_single.EndtoEndapplicationTestcases#testBackupAndRestore</h3><table class="result"><tr><th class="invisible"/></tr></table><p class="totop"><a href="#summary">back to summary</a></p>
<h3 id="m77">maven_diares.MAven_single.EndtoEndapplicationTestcases#testComplianceChecks</h3><table class="result"><tr><th class="invisible"/></tr></table><p class="totop"><a href="#summary">back to summary</a></p>
<h3 id="m78">maven_diares.MAven_single.EndtoEndapplicationTestcases#testConfigurationSettings</h3><table class="result"><tr><th class="invisible"/></tr></table><p class="totop"><a href="#summary">back to summary</a></p>
<h3 id="m79">maven_diares.MAven_single.EndtoEndapplicationTestcases#testCrossPlatformCompatibility</h3><table class="result"><tr><th class="invisible"/></tr></table><p class="totop"><a href="#summary">back to summary</a></p>
<h3 id="m80">maven_diares.MAven_single.EndtoEndapplicationTestcases#testDataBackup</h3><table class="result"><tr><th class="invisible"/></tr></table><p class="totop"><a href="#summary">back to summary</a></p>
<h3 id="m81">maven_diares.MAven_single.EndtoEndapplicationTestcases#testDataEncryption</h3><table class="result"><tr><th class="invisible"/></tr></table><p class="totop"><a href="#summary">back to summary</a></p>
<h3 id="m82">maven_diares.MAven_single.EndtoEndapplicationTestcases#testDataMigration</h3><table class="result"><tr><th class="invisible"/></tr></table><p class="totop"><a href="#summary">back to summary</a></p>
<h3 id="m83">maven_diares.MAven_single.EndtoEndapplicationTestcases#testDataRetrieval</h3><table class="result"><tr><th class="invisible"/></tr></table><p class="totop"><a href="#summary">back to summary</a></p>
<h3 id="m84">maven_diares.MAven_single.EndtoEndapplicationTestcases#testDataSubmission</h3><table class="result"><tr><th class="invisible"/></tr></table><p class="totop"><a href="#summary">back to summary</a></p>
<h3 id="m85">maven_diares.MAven_single.EndtoEndapplicationTestcases#testDataSynchronization</h3><table class="result"><tr><th class="invisible"/></tr></table><p class="totop"><a href="#summary">back to summary</a></p>
<h3 id="m86">maven_diares.MAven_single.EndtoEndapplicationTestcases#testDataValidation</h3><table class="result"><tr><th class="invisible"/></tr></table><p class="totop"><a href="#summary">back to summary</a></p>
<h3 id="m87">maven_diares.MAven_single.EndtoEndapplicationTestcases#testDatabaseConnection</h3><table class="result"><tr><th class="invisible"/></tr></table><p class="totop"><a href="#summary">back to summary</a></p>
<h3 id="m88">maven_diares.MAven_single.EndtoEndapplicationTestcases#testDatarchiving</h3><table class="result"><tr><th class="invisible"/></tr></table><p class="totop"><a href="#summary">back to summary</a></p>
<h3 id="m89">maven_diares.MAven_single.EndtoEndapplicationTestcases#testErrorHandling</h3><table class="result"><tr><th class="invisible"/></tr></table><p class="totop"><a href="#summary">back to summary</a></p>
<h3 id="m90">maven_diares.MAven_single.EndtoEndapplicationTestcases#testErrorLogging</h3><table class="result"><tr><th class="invisible"/></tr></table><p class="totop"><a href="#summary">back to summary</a></p>
<h3 id="m91">maven_diares.MAven_single.EndtoEndapplicationTestcases#testFeatureToggle</h3><table class="result"><tr><th class="invisible"/></tr></table><p class="totop"><a href="#summary">back to summary</a></p>
<h3 id="m92">maven_diares.MAven_single.EndtoEndapplicationTestcases#testIntegrationWithLegacySystems</h3><table class="result"><tr><th class="invisible"/></tr></table><p class="totop"><a href="#summary">back to summary</a></p>
<h3 id="m93">maven_diares.MAven_single.EndtoEndapplicationTestcases#testLoadBalancing</h3><table class="result"><tr><th class="invisible"/></tr></table><p class="totop"><a href="#summary">back to summary</a></p>
<h3 id="m94">maven_diares.MAven_single.EndtoEndapplicationTestcases#testLocalization</h3><table class="result"><tr><th class="invisible"/></tr></table><p class="totop"><a href="#summary">back to summary</a></p>
<h3 id="m95">maven_diares.MAven_single.EndtoEndapplicationTestcases#testLoggingAndMonitoring</h3><table class="result"><tr><th class="invisible"/></tr></table><p class="totop"><a href="#summary">back to summary</a></p>
<h3 id="m96">maven_diares.MAven_single.EndtoEndapplicationTestcases#testMultiUserScenarios</h3><table class="result"><tr><th class="invisible"/></tr></table><p class="totop"><a href="#summary">back to summary</a></p>
<h3 id="m97">maven_diares.MAven_single.EndtoEndapplicationTestcases#testNotificationSystem</h3><table class="result"><tr><th class="invisible"/></tr></table><p class="totop"><a href="#summary">back to summary</a></p>
<h3 id="m98">maven_diares.MAven_single.EndtoEndapplicationTestcases#testPerformanceMetrics</h3><table class="result"><tr><th class="invisible"/></tr></table><p class="totop"><a href="#summary">back to summary</a></p>
<h3 id="m99">maven_diares.MAven_single.EndtoEndapplicationTestcases#testRealTimeDataProcessing</h3><table class="result"><tr><th class="invisible"/></tr></table><p class="totop"><a href="#summary">back to summary</a></p>
<h3 id="m100">maven_diares.MAven_single.EndtoEndapplicationTestcases#testScalability</h3><table class="result"><tr><th class="invisible"/></tr></table><p class="totop"><a href="#summary">back to summary</a></p>
<h3 id="m101">maven_diares.MAven_single.EndtoEndapplicationTestcases#testSecurityFeatures</h3><table class="result"><tr><th class="invisible"/></tr></table><p class="totop"><a href="#summary">back to summary</a></p>
<h3 id="m102">maven_diares.MAven_single.EndtoEndapplicationTestcases#testSessionManagement</h3><table class="result"><tr><th class="invisible"/></tr></table><p class="totop"><a href="#summary">back to summary</a></p>
<h3 id="m103">maven_diares.MAven_single.EndtoEndapplicationTestcases#testSystemAlerting</h3><table class="result"><tr><th class="invisible"/></tr></table><p class="totop"><a href="#summary">back to summary</a></p>
<h3 id="m104">maven_diares.MAven_single.EndtoEndapplicationTestcases#testSystemBackup</h3><table class="result"><tr><th class="invisible"/></tr></table><p class="totop"><a href="#summary">back to summary</a></p>
<h3 id="m105">maven_diares.MAven_single.EndtoEndapplicationTestcases#testSystemCompatibility</h3><table class="result"><tr><th class="invisible"/></tr></table><p class="totop"><a href="#summary">back to summary</a></p>
<h3 id="m106">maven_diares.MAven_single.EndtoEndapplicationTestcases#testSystemConfigurability</h3><table class="result"><tr><th class="invisible"/></tr></table><p class="totop"><a href="#summary">back to summary</a></p>
<h3 id="m107">maven_diares.MAven_single.EndtoEndapplicationTestcases#testSystemDeployment</h3><table class="result"><tr><th class="invisible"/></tr></table><p class="totop"><a href="#summary">back to summary</a></p>
<h3 id="m108">maven_diares.MAven_single.EndtoEndapplicationTestcases#testSystemDocumentation</h3><table class="result"><tr><th class="invisible"/></tr></table><p class="totop"><a href="#summary">back to summary</a></p>
<h3 id="m109">maven_diares.MAven_single.EndtoEndapplicationTestcases#testSystemExtensibility</h3><table class="result"><tr><th class="invisible"/></tr></table><p class="totop"><a href="#summary">back to summary</a></p>
<h3 id="m110">maven_diares.MAven_single.EndtoEndapplicationTestcases#testSystemIntegration</h3><table class="result"><tr><th class="invisible"/></tr></table><p class="totop"><a href="#summary">back to summary</a></p>
<h3 id="m111">maven_diares.MAven_single.EndtoEndapplicationTestcases#testSystemInteroperability</h3><table class="result"><tr><th class="invisible"/></tr></table><p class="totop"><a href="#summary">back to summary</a></p>
<h3 id="m112">maven_diares.MAven_single.EndtoEndapplicationTestcases#testSystemLogging</h3><table class="result"><tr><th class="invisible"/></tr></table><p class="totop"><a href="#summary">back to summary</a></p>
<h3 id="m113">maven_diares.MAven_single.EndtoEndapplicationTestcases#testSystemMaintainability</h3><table class="result"><tr><th class="invisible"/></tr></table><p class="totop"><a href="#summary">back to summary</a></p>
<h3 id="m114">maven_diares.MAven_single.EndtoEndapplicationTestcases#testSystemMigration</h3><table class="result"><tr><th class="invisible"/></tr></table><p class="totop"><a href="#summary">back to summary</a></p>
<h3 id="m115">maven_diares.MAven_single.EndtoEndapplicationTestcases#testSystemModularity</h3><table class="result"><tr><th class="invisible"/></tr></table><p class="totop"><a href="#summary">back to summary</a></p>
<h3 id="m116">maven_diares.MAven_single.EndtoEndapplicationTestcases#testSystemMonitoring</h3><table class="result"><tr><th class="invisible"/></tr></table><p class="totop"><a href="#summary">back to summary</a></p>
<h3 id="m117">maven_diares.MAven_single.EndtoEndapplicationTestcases#testSystemNotifications</h3><table class="result"><tr><th class="invisible"/></tr></table><p class="totop"><a href="#summary">back to summary</a></p>
<h3 id="m118">maven_diares.MAven_single.EndtoEndapplicationTestcases#testSystemPerformance</h3><table class="result"><tr><th class="invisible"/></tr></table><p class="totop"><a href="#summary">back to summary</a></p>
<h3 id="m119">maven_diares.MAven_single.EndtoEndapplicationTestcases#testSystemPortability</h3><table class="result"><tr><th class="invisible"/></tr></table><p class="totop"><a href="#summary">back to summary</a></p>
<h3 id="m120">maven_diares.MAven_single.EndtoEndapplicationTestcases#testSystemRecovery</h3><table class="result"><tr><th class="invisible"/></tr></table><p class="totop"><a href="#summary">back to summary</a></p>
<h3 id="m121">maven_diares.MAven_single.EndtoEndapplicationTestcases#testSystemReliability</h3><table class="result"><tr><th class="invisible"/></tr></table><p class="totop"><a href="#summary">back to summary</a></p>
<h3 id="m122">maven_diares.MAven_single.EndtoEndapplicationTestcases#testSystemResourceUtilization</h3><table class="result"><tr><th class="invisible"/></tr></table><p class="totop"><a href="#summary">back to summary</a></p>
<h3 id="m123">maven_diares.MAven_single.EndtoEndapplicationTestcases#testSystemRestoration</h3><table class="result"><tr><th class="invisible"/></tr></table><p class="totop"><a href="#summary">back to summary</a></p>
<h3 id="m124">maven_diares.MAven_single.EndtoEndapplicationTestcases#testSystemReusability</h3><table class="result"><tr><th class="invisible"/></tr></table><p class="totop"><a href="#summary">back to summary</a></p>
<h3 id="m125">maven_diares.MAven_single.EndtoEndapplicationTestcases#testSystemScalability</h3><table class="result"><tr><th class="invisible"/></tr></table><p class="totop"><a href="#summary">back to summary</a></p>
<h3 id="m126">maven_diares.MAven_single.EndtoEndapplicationTestcases#testSystemSecurity</h3><table class="result"><tr><th class="invisible"/></tr></table><p class="totop"><a href="#summary">back to summary</a></p>
<h3 id="m127">maven_diares.MAven_single.EndtoEndapplicationTestcases#testSystemTestability</h3><table class="result"><tr><th class="invisible"/></tr></table><p class="totop"><a href="#summary">back to summary</a></p>
<h3 id="m128">maven_diares.MAven_single.EndtoEndapplicationTestcases#testSystemUsability</h3><table class="result"><tr><th class="invisible"/></tr></table><p class="totop"><a href="#summary">back to summary</a></p>
<h3 id="m129">maven_diares.MAven_single.EndtoEndapplicationTestcases#testThirdPartyIntegrations</h3><table class="result"><tr><th class="invisible"/></tr></table><p class="totop"><a href="#summary">back to summary</a></p>
<h3 id="m130">maven_diares.MAven_single.EndtoEndapplicationTestcases#testUIComponents</h3><table class="result"><tr><th class="invisible"/></tr></table><p class="totop"><a href="#summary">back to summary</a></p>
<h3 id="m131">maven_diares.MAven_single.EndtoEndapplicationTestcases#testUserAnalytics</h3><table class="result"><tr><th class="invisible"/></tr></table><p class="totop"><a href="#summary">back to summary</a></p>
<h3 id="m132">maven_diares.MAven_single.EndtoEndapplicationTestcases#testUserExperience</h3><table class="result"><tr><th class="invisible"/></tr></table><p class="totop"><a href="#summary">back to summary</a></p>
<h3 id="m133">maven_diares.MAven_single.EndtoEndapplicationTestcases#testUserFeedback</h3><table class="result"><tr><th class="invisible"/></tr></table><p class="totop"><a href="#summary">back to summary</a></p>
<h3 id="m134">maven_diares.MAven_single.EndtoEndapplicationTestcases#testUserInterfaceResponsiveness</h3><table class="result"><tr><th class="invisible"/></tr></table><p class="totop"><a href="#summary">back to summary</a></p>
<h3 id="m135">maven_diares.MAven_single.EndtoEndapplicationTestcases#testUserLogin</h3><table class="result"><tr><th class="invisible"/></tr></table><p class="totop"><a href="#summary">back to summary</a></p>
<h3 id="m136">maven_diares.MAven_single.EndtoEndapplicationTestcases#testUserLogout</h3><table class="result"><tr><th class="invisible"/></tr></table><p class="totop"><a href="#summary">back to summary</a></p>
<h3 id="m137">maven_diares.MAven_single.EndtoEndapplicationTestcases#testUserPreferences</h3><table class="result"><tr><th class="invisible"/></tr></table><p class="totop"><a href="#summary">back to summary</a></p>
<h3 id="m138">maven_diares.MAven_single.EndtoEndapplicationTestcases#testUserRegistration</h3><table class="result"><tr><th class="invisible"/></tr></table><p class="totop"><a href="#summary">back to summary</a></p>
<h3 id="m139">maven_diares.MAven_single.EndtoEndapplicationTestcases#testVersionControl</h3><table class="result"><tr><th class="invisible"/></tr></table><p class="totop"><a href="#summary">back to summary</a></p>
</body>
</html>
