<?xml version="1.0" encoding="UTF-8"?>
<!-- Generated by org.testng.reporters.JUnitXMLReporter -->
<testsuite ignored="0" hostname="Mokshi" failures="70" tests="151" name="Test" time="0.232" errors="0" timestamp="2025-05-24T16:44:25 CDT">
  <testcase classname="maven_diares.MAven_single.EndtoEndapplicationTestcases" name="testUIComponents" time="0.001"/>
  <testcase classname="maven_diares.MAven_single.EndtoEndapplicationTestcases" name="testUIComponents" time="0.0"/>
  <testcase classname="maven_diares.MAven_single.EndtoEndapplicationTestcases" name="testUIComponents" time="0.0"/>
  <testcase classname="maven_diares.MAven_single.EndtoEndapplicationTestcases" name="testUIComponents" time="0.001"/>
  <testcase classname="maven_diares.MAven_single.EndtoEndapplicationTestcases" name="testUIComponents" time="0.0"/>
  <testcase classname="maven_diares.MAven_single.EndtoEndapplicationTestcases" name="testUIComponents" time="0.0"/>
  <testcase classname="maven_diares.MAven_single.EndtoEndapplicationTestcases" name="testUIComponents" time="0.0"/>
  <testcase classname="maven_diares.MAven_single.EndtoEndapplicationTestcases" name="testUIComponents" time="0.0"/>
  <testcase classname="maven_diares.MAven_single.EndtoEndapplicationTestcases" name="testUIComponents" time="0.0"/>
  <testcase classname="maven_diares.MAven_single.EndtoEndapplicationTestcases" name="testUIComponents" time="0.001"/>
  <testcase classname="maven_diares.MAven_single.EndtoEndapplicationTestcases" name="testAPIIntegration" time="0.001"/>
  <testcase classname="maven_diares.MAven_single.EndtoEndapplicationTestcases" name="testAccessibilityFeatures" time="0.0"/>
  <testcase classname="maven_diares.MAven_single.EndtoEndapplicationTestcases" name="testApplicationShutdown" time="0.002"/>
  <testcase classname="maven_diares.MAven_single.EndtoEndapplicationTestcases" name="testApplicationStart" time="0.002"/>
  <testcase classname="maven_diares.MAven_single.EndtoEndapplicationTestcases" name="testApplicationUpdate" time="0.0"/>
  <testcase classname="maven_diares.MAven_single.EndtoEndapplicationTestcases" name="testAuditTrail" time="0.001"/>
  <testcase classname="maven_diares.MAven_single.EndtoEndapplicationTestcases" name="testBackupAndRestore" time="0.0"/>
  <testcase classname="maven_diares.MAven_single.EndtoEndapplicationTestcases" name="testComplianceChecks" time="0.0"/>
  <testcase classname="maven_diares.MAven_single.EndtoEndapplicationTestcases" name="testConfigurationSettings" time="0.0"/>
  <testcase classname="maven_diares.MAven_single.EndtoEndapplicationTestcases" name="testCrossPlatformCompatibility" time="0.0"/>
  <testcase classname="maven_diares.MAven_single.EndtoEndapplicationTestcases" name="testDataBackup" time="0.0"/>
  <testcase classname="maven_diares.MAven_single.EndtoEndapplicationTestcases" name="testDataEncryption" time="0.0"/>
  <testcase classname="maven_diares.MAven_single.EndtoEndapplicationTestcases" name="testDataMigration" time="0.0"/>
  <testcase classname="maven_diares.MAven_single.EndtoEndapplicationTestcases" name="testDataRetrieval" time="0.0"/>
  <testcase classname="maven_diares.MAven_single.EndtoEndapplicationTestcases" name="testDataSubmission" time="0.005"/>
  <testcase classname="maven_diares.MAven_single.EndtoEndapplicationTestcases" name="testDataSubmission" time="0.0"/>
  <testcase classname="maven_diares.MAven_single.EndtoEndapplicationTestcases" name="testDataSubmission" time="0.0"/>
  <testcase classname="maven_diares.MAven_single.EndtoEndapplicationTestcases" name="testDataSynchronization" time="0.0"/>
  <testcase classname="maven_diares.MAven_single.EndtoEndapplicationTestcases" name="testDataValidation" time="0.0"/>
  <testcase classname="maven_diares.MAven_single.EndtoEndapplicationTestcases" name="testDatabaseConnection" time="0.001"/>
  <testcase classname="maven_diares.MAven_single.EndtoEndapplicationTestcases" name="testDatarchiving" time="0.0"/>
  <testcase classname="maven_diares.MAven_single.EndtoEndapplicationTestcases" name="testErrorHandling" time="0.0"/>
  <testcase classname="maven_diares.MAven_single.EndtoEndapplicationTestcases" name="testErrorLogging" time="0.0"/>
  <testcase classname="maven_diares.MAven_single.EndtoEndapplicationTestcases" name="testFeatureToggle" time="0.0"/>
  <testcase classname="maven_diares.MAven_single.EndtoEndapplicationTestcases" name="testIntegrationWithLegacySystems" time="0.0"/>
  <testcase classname="maven_diares.MAven_single.EndtoEndapplicationTestcases" name="testLoadBalancing" time="0.0"/>
  <testcase classname="maven_diares.MAven_single.EndtoEndapplicationTestcases" name="testLocalization" time="0.0"/>
  <testcase classname="maven_diares.MAven_single.EndtoEndapplicationTestcases" name="testLoggingAndMonitoring" time="0.0"/>
  <testcase classname="maven_diares.MAven_single.EndtoEndapplicationTestcases" name="testMultiUserScenarios" time="0.001"/>
  <testcase classname="maven_diares.MAven_single.EndtoEndapplicationTestcases" name="testNotificationSystem" time="0.0"/>
  <testcase classname="maven_diares.MAven_single.EndtoEndapplicationTestcases" name="testPerformanceMetrics" time="0.0"/>
  <testcase classname="maven_diares.MAven_single.EndtoEndapplicationTestcases" name="testRealTimeDataProcessing" time="0.001"/>
  <testcase classname="maven_diares.MAven_single.EndtoEndapplicationTestcases" name="testScalability" time="0.0"/>
  <testcase classname="maven_diares.MAven_single.EndtoEndapplicationTestcases" name="testSecurityFeatures" time="0.001"/>
  <testcase classname="maven_diares.MAven_single.EndtoEndapplicationTestcases" name="testSessionManagement" time="0.0"/>
  <testcase classname="maven_diares.MAven_single.EndtoEndapplicationTestcases" name="testSystemAlerting" time="0.0"/>
  <testcase classname="maven_diares.MAven_single.EndtoEndapplicationTestcases" name="testSystemBackup" time="0.0"/>
  <testcase classname="maven_diares.MAven_single.EndtoEndapplicationTestcases" name="testSystemCompatibility" time="0.0"/>
  <testcase classname="maven_diares.MAven_single.EndtoEndapplicationTestcases" name="testSystemConfigurability" time="0.0"/>
  <testcase classname="maven_diares.MAven_single.EndtoEndapplicationTestcases" name="testSystemDeployment" time="0.0"/>
  <testcase classname="maven_diares.MAven_single.EndtoEndapplicationTestcases" name="testSystemDocumentation" time="0.0"/>
  <testcase classname="maven_diares.MAven_single.EndtoEndapplicationTestcases" name="testSystemExtensibility" time="0.0"/>
  <testcase classname="maven_diares.MAven_single.EndtoEndapplicationTestcases" name="testSystemIntegration" time="0.0"/>
  <testcase classname="maven_diares.MAven_single.EndtoEndapplicationTestcases" name="testSystemInteroperability" time="0.001"/>
  <testcase classname="maven_diares.MAven_single.EndtoEndapplicationTestcases" name="testSystemMaintainability" time="0.0"/>
  <testcase classname="maven_diares.MAven_single.EndtoEndapplicationTestcases" name="testSystemMigration" time="0.0"/>
  <testcase classname="maven_diares.MAven_single.EndtoEndapplicationTestcases" name="testSystemModularity" time="0.0"/>
  <testcase classname="maven_diares.MAven_single.EndtoEndapplicationTestcases" name="testSystemMonitoring" time="0.0"/>
  <testcase classname="maven_diares.MAven_single.EndtoEndapplicationTestcases" name="testSystemNotifications" time="0.0"/>
  <testcase classname="maven_diares.MAven_single.EndtoEndapplicationTestcases" name="testSystemPerformance" time="0.001"/>
  <testcase classname="maven_diares.MAven_single.EndtoEndapplicationTestcases" name="testSystemPortability" time="0.0"/>
  <testcase classname="maven_diares.MAven_single.EndtoEndapplicationTestcases" name="testSystemRecovery" time="0.0"/>
  <testcase classname="maven_diares.MAven_single.EndtoEndapplicationTestcases" name="testSystemReliability" time="0.0"/>
  <testcase classname="maven_diares.MAven_single.EndtoEndapplicationTestcases" name="testSystemResourceUtilization" time="0.001"/>
  <testcase classname="maven_diares.MAven_single.EndtoEndapplicationTestcases" name="testSystemRestoration" time="0.001"/>
  <testcase classname="maven_diares.MAven_single.EndtoEndapplicationTestcases" name="testSystemReusability" time="0.0"/>
  <testcase classname="maven_diares.MAven_single.EndtoEndapplicationTestcases" name="testSystemScalability" time="0.0"/>
  <testcase classname="maven_diares.MAven_single.EndtoEndapplicationTestcases" name="testSystemSecurity" time="0.0"/>
  <testcase classname="maven_diares.MAven_single.EndtoEndapplicationTestcases" name="testSystemTestability" time="0.0"/>
  <testcase classname="maven_diares.MAven_single.EndtoEndapplicationTestcases" name="testSystemUsability" time="0.0"/>
  <testcase classname="maven_diares.MAven_single.EndtoEndapplicationTestcases" name="testThirdPartyIntegrations" time="0.001"/>
  <testcase classname="maven_diares.MAven_single.EndtoEndapplicationTestcases" name="testUserAnalytics" time="0.0"/>
  <testcase classname="maven_diares.MAven_single.EndtoEndapplicationTestcases" name="testUserExperience" time="0.0"/>
  <testcase classname="maven_diares.MAven_single.EndtoEndapplicationTestcases" name="testUserFeedback" time="0.0"/>
  <testcase classname="maven_diares.MAven_single.EndtoEndapplicationTestcases" name="testUserInterfaceResponsiveness" time="0.0"/>
  <testcase classname="maven_diares.MAven_single.EndtoEndapplicationTestcases" name="testUserPreferences" time="0.001"/>
  <testcase classname="maven_diares.MAven_single.EndtoEndapplicationTestcases" name="testVersionControl" time="0.0"/>
  <testcase classname="maven_diares.MAven_single.EndtoEndapplicationTestcases" name="testSystemLogging" time="0.001"/>
  <testcase classname="maven_diares.MAven_single.EndtoEndapplicationTestcases" name="testUserLogin" time="0.001"/>
  <testcase classname="maven_diares.MAven_single.EndtoEndapplicationTestcases" name="testUserRegistration" time="0.001"/>
  <testcase classname="maven_diares.MAven_single.EndtoEndapplicationTestcases" name="testUserLogout" time="0.0"/>
  <testcase classname="maven_diares.MAven_single.EndtoEndapplicationTestcasesTest" name="testAPIIntegrationTest" time="0.0">
    <failure type="java.lang.RuntimeException" message="Test not implemented">
      <![CDATA[java.lang.RuntimeException: Test not implemented
at maven_diares.MAven_single.EndtoEndapplicationTestcasesTest.testAPIIntegrationTest(EndtoEndapplicationTestcasesTest.java:10)
at java.base/java.util.ArrayList.forEach(ArrayList.java:1597)
... Removed 29 stack frames]]>
    </failure>
  </testcase> <!-- testAPIIntegrationTest -->
  <testcase classname="maven_diares.MAven_single.EndtoEndapplicationTestcasesTest" name="testAccessibilityFeaturesTest" time="0.0">
    <failure type="java.lang.RuntimeException" message="Test not implemented">
      <![CDATA[java.lang.RuntimeException: Test not implemented
at maven_diares.MAven_single.EndtoEndapplicationTestcasesTest.testAccessibilityFeaturesTest(EndtoEndapplicationTestcasesTest.java:15)
at java.base/java.util.ArrayList.forEach(ArrayList.java:1597)
... Removed 29 stack frames]]>
    </failure>
  </testcase> <!-- testAccessibilityFeaturesTest -->
  <testcase classname="maven_diares.MAven_single.EndtoEndapplicationTestcasesTest" name="testApplicationShutdownTest" time="0.0">
    <failure type="java.lang.RuntimeException" message="Test not implemented">
      <![CDATA[java.lang.RuntimeException: Test not implemented
at maven_diares.MAven_single.EndtoEndapplicationTestcasesTest.testApplicationShutdownTest(EndtoEndapplicationTestcasesTest.java:20)
at java.base/java.util.ArrayList.forEach(ArrayList.java:1597)
... Removed 29 stack frames]]>
    </failure>
  </testcase> <!-- testApplicationShutdownTest -->
  <testcase classname="maven_diares.MAven_single.EndtoEndapplicationTestcasesTest" name="testApplicationStartTest" time="0.0">
    <failure type="java.lang.RuntimeException" message="Test not implemented">
      <![CDATA[java.lang.RuntimeException: Test not implemented
at maven_diares.MAven_single.EndtoEndapplicationTestcasesTest.testApplicationStartTest(EndtoEndapplicationTestcasesTest.java:25)
at java.base/java.util.ArrayList.forEach(ArrayList.java:1597)
... Removed 29 stack frames]]>
    </failure>
  </testcase> <!-- testApplicationStartTest -->
  <testcase classname="maven_diares.MAven_single.EndtoEndapplicationTestcasesTest" name="testApplicationUpdateTest" time="0.001">
    <failure type="java.lang.RuntimeException" message="Test not implemented">
      <![CDATA[java.lang.RuntimeException: Test not implemented
at maven_diares.MAven_single.EndtoEndapplicationTestcasesTest.testApplicationUpdateTest(EndtoEndapplicationTestcasesTest.java:30)
at java.base/java.util.ArrayList.forEach(ArrayList.java:1597)
... Removed 29 stack frames]]>
    </failure>
  </testcase> <!-- testApplicationUpdateTest -->
  <testcase classname="maven_diares.MAven_single.EndtoEndapplicationTestcasesTest" name="testAuditTrailTest" time="0.0">
    <failure type="java.lang.RuntimeException" message="Test not implemented">
      <![CDATA[java.lang.RuntimeException: Test not implemented
at maven_diares.MAven_single.EndtoEndapplicationTestcasesTest.testAuditTrailTest(EndtoEndapplicationTestcasesTest.java:35)
at java.base/java.util.ArrayList.forEach(ArrayList.java:1597)
... Removed 29 stack frames]]>
    </failure>
  </testcase> <!-- testAuditTrailTest -->
  <testcase classname="maven_diares.MAven_single.EndtoEndapplicationTestcasesTest" name="testBackupAndRestoreTest" time="0.0">
    <failure type="java.lang.RuntimeException" message="Test not implemented">
      <![CDATA[java.lang.RuntimeException: Test not implemented
at maven_diares.MAven_single.EndtoEndapplicationTestcasesTest.testBackupAndRestoreTest(EndtoEndapplicationTestcasesTest.java:40)
at java.base/java.util.ArrayList.forEach(ArrayList.java:1597)
... Removed 29 stack frames]]>
    </failure>
  </testcase> <!-- testBackupAndRestoreTest -->
  <testcase classname="maven_diares.MAven_single.EndtoEndapplicationTestcasesTest" name="testComplianceChecksTest" time="0.0">
    <failure type="java.lang.RuntimeException" message="Test not implemented">
      <![CDATA[java.lang.RuntimeException: Test not implemented
at maven_diares.MAven_single.EndtoEndapplicationTestcasesTest.testComplianceChecksTest(EndtoEndapplicationTestcasesTest.java:45)
at java.base/java.util.ArrayList.forEach(ArrayList.java:1597)
... Removed 29 stack frames]]>
    </failure>
  </testcase> <!-- testComplianceChecksTest -->
  <testcase classname="maven_diares.MAven_single.EndtoEndapplicationTestcasesTest" name="testConfigurationSettingsTest" time="0.0">
    <failure type="java.lang.RuntimeException" message="Test not implemented">
      <![CDATA[java.lang.RuntimeException: Test not implemented
at maven_diares.MAven_single.EndtoEndapplicationTestcasesTest.testConfigurationSettingsTest(EndtoEndapplicationTestcasesTest.java:50)
at java.base/java.util.ArrayList.forEach(ArrayList.java:1597)
... Removed 29 stack frames]]>
    </failure>
  </testcase> <!-- testConfigurationSettingsTest -->
  <testcase classname="maven_diares.MAven_single.EndtoEndapplicationTestcasesTest" name="testCrossPlatformCompatibilityTest" time="0.0">
    <failure type="java.lang.RuntimeException" message="Test not implemented">
      <![CDATA[java.lang.RuntimeException: Test not implemented
at maven_diares.MAven_single.EndtoEndapplicationTestcasesTest.testCrossPlatformCompatibilityTest(EndtoEndapplicationTestcasesTest.java:55)
at java.base/java.util.ArrayList.forEach(ArrayList.java:1597)
... Removed 29 stack frames]]>
    </failure>
  </testcase> <!-- testCrossPlatformCompatibilityTest -->
  <testcase classname="maven_diares.MAven_single.EndtoEndapplicationTestcasesTest" name="testDataBackupTest" time="0.0">
    <failure type="java.lang.RuntimeException" message="Test not implemented">
      <![CDATA[java.lang.RuntimeException: Test not implemented
at maven_diares.MAven_single.EndtoEndapplicationTestcasesTest.testDataBackupTest(EndtoEndapplicationTestcasesTest.java:60)
at java.base/java.util.ArrayList.forEach(ArrayList.java:1597)
... Removed 29 stack frames]]>
    </failure>
  </testcase> <!-- testDataBackupTest -->
  <testcase classname="maven_diares.MAven_single.EndtoEndapplicationTestcasesTest" name="testDataEncryptionTest" time="0.0">
    <failure type="java.lang.RuntimeException" message="Test not implemented">
      <![CDATA[java.lang.RuntimeException: Test not implemented
at maven_diares.MAven_single.EndtoEndapplicationTestcasesTest.testDataEncryptionTest(EndtoEndapplicationTestcasesTest.java:65)
at java.base/java.util.ArrayList.forEach(ArrayList.java:1597)
... Removed 29 stack frames]]>
    </failure>
  </testcase> <!-- testDataEncryptionTest -->
  <testcase classname="maven_diares.MAven_single.EndtoEndapplicationTestcasesTest" name="testDataMigrationTest" time="0.0">
    <failure type="java.lang.RuntimeException" message="Test not implemented">
      <![CDATA[java.lang.RuntimeException: Test not implemented
at maven_diares.MAven_single.EndtoEndapplicationTestcasesTest.testDataMigrationTest(EndtoEndapplicationTestcasesTest.java:70)
at java.base/java.util.ArrayList.forEach(ArrayList.java:1597)
... Removed 29 stack frames]]>
    </failure>
  </testcase> <!-- testDataMigrationTest -->
  <testcase classname="maven_diares.MAven_single.EndtoEndapplicationTestcasesTest" name="testDataRetrievalTest" time="0.0">
    <failure type="java.lang.RuntimeException" message="Test not implemented">
      <![CDATA[java.lang.RuntimeException: Test not implemented
at maven_diares.MAven_single.EndtoEndapplicationTestcasesTest.testDataRetrievalTest(EndtoEndapplicationTestcasesTest.java:75)
at java.base/java.util.ArrayList.forEach(ArrayList.java:1597)
... Removed 29 stack frames]]>
    </failure>
  </testcase> <!-- testDataRetrievalTest -->
  <testcase classname="maven_diares.MAven_single.EndtoEndapplicationTestcasesTest" name="testDataSubmissionTest" time="0.0">
    <failure type="java.lang.RuntimeException" message="Test not implemented">
      <![CDATA[java.lang.RuntimeException: Test not implemented
at maven_diares.MAven_single.EndtoEndapplicationTestcasesTest.testDataSubmissionTest(EndtoEndapplicationTestcasesTest.java:80)
at java.base/java.util.ArrayList.forEach(ArrayList.java:1597)
... Removed 29 stack frames]]>
    </failure>
  </testcase> <!-- testDataSubmissionTest -->
  <testcase classname="maven_diares.MAven_single.EndtoEndapplicationTestcasesTest" name="testDataSynchronizationTest" time="0.0">
    <failure type="java.lang.RuntimeException" message="Test not implemented">
      <![CDATA[java.lang.RuntimeException: Test not implemented
at maven_diares.MAven_single.EndtoEndapplicationTestcasesTest.testDataSynchronizationTest(EndtoEndapplicationTestcasesTest.java:85)
at java.base/java.util.ArrayList.forEach(ArrayList.java:1597)
... Removed 29 stack frames]]>
    </failure>
  </testcase> <!-- testDataSynchronizationTest -->
  <testcase classname="maven_diares.MAven_single.EndtoEndapplicationTestcasesTest" name="testDataValidationTest" time="0.001">
    <failure type="java.lang.RuntimeException" message="Test not implemented">
      <![CDATA[java.lang.RuntimeException: Test not implemented
at maven_diares.MAven_single.EndtoEndapplicationTestcasesTest.testDataValidationTest(EndtoEndapplicationTestcasesTest.java:90)
at java.base/java.util.ArrayList.forEach(ArrayList.java:1597)
... Removed 29 stack frames]]>
    </failure>
  </testcase> <!-- testDataValidationTest -->
  <testcase classname="maven_diares.MAven_single.EndtoEndapplicationTestcasesTest" name="testDatabaseConnectionTest" time="0.001">
    <failure type="java.lang.RuntimeException" message="Test not implemented">
      <![CDATA[java.lang.RuntimeException: Test not implemented
at maven_diares.MAven_single.EndtoEndapplicationTestcasesTest.testDatabaseConnectionTest(EndtoEndapplicationTestcasesTest.java:95)
at java.base/java.util.ArrayList.forEach(ArrayList.java:1597)
... Removed 29 stack frames]]>
    </failure>
  </testcase> <!-- testDatabaseConnectionTest -->
  <testcase classname="maven_diares.MAven_single.EndtoEndapplicationTestcasesTest" name="testDatarchivingTest" time="0.0">
    <failure type="java.lang.RuntimeException" message="Test not implemented">
      <![CDATA[java.lang.RuntimeException: Test not implemented
at maven_diares.MAven_single.EndtoEndapplicationTestcasesTest.testDatarchivingTest(EndtoEndapplicationTestcasesTest.java:100)
at java.base/java.util.ArrayList.forEach(ArrayList.java:1597)
... Removed 29 stack frames]]>
    </failure>
  </testcase> <!-- testDatarchivingTest -->
  <testcase classname="maven_diares.MAven_single.EndtoEndapplicationTestcasesTest" name="testErrorHandlingTest" time="0.0">
    <failure type="java.lang.RuntimeException" message="Test not implemented">
      <![CDATA[java.lang.RuntimeException: Test not implemented
at maven_diares.MAven_single.EndtoEndapplicationTestcasesTest.testErrorHandlingTest(EndtoEndapplicationTestcasesTest.java:105)
at java.base/java.util.ArrayList.forEach(ArrayList.java:1597)
... Removed 29 stack frames]]>
    </failure>
  </testcase> <!-- testErrorHandlingTest -->
  <testcase classname="maven_diares.MAven_single.EndtoEndapplicationTestcasesTest" name="testErrorLoggingTest" time="0.001">
    <failure type="java.lang.RuntimeException" message="Test not implemented">
      <![CDATA[java.lang.RuntimeException: Test not implemented
at maven_diares.MAven_single.EndtoEndapplicationTestcasesTest.testErrorLoggingTest(EndtoEndapplicationTestcasesTest.java:110)
at java.base/java.util.ArrayList.forEach(ArrayList.java:1597)
... Removed 29 stack frames]]>
    </failure>
  </testcase> <!-- testErrorLoggingTest -->
  <testcase classname="maven_diares.MAven_single.EndtoEndapplicationTestcasesTest" name="testFeatureToggleTest" time="0.0">
    <failure type="java.lang.RuntimeException" message="Test not implemented">
      <![CDATA[java.lang.RuntimeException: Test not implemented
at maven_diares.MAven_single.EndtoEndapplicationTestcasesTest.testFeatureToggleTest(EndtoEndapplicationTestcasesTest.java:115)
at java.base/java.util.ArrayList.forEach(ArrayList.java:1597)
... Removed 29 stack frames]]>
    </failure>
  </testcase> <!-- testFeatureToggleTest -->
  <testcase classname="maven_diares.MAven_single.EndtoEndapplicationTestcasesTest" name="testIntegrationWithLegacySystemsTest" time="0.001">
    <failure type="java.lang.RuntimeException" message="Test not implemented">
      <![CDATA[java.lang.RuntimeException: Test not implemented
at maven_diares.MAven_single.EndtoEndapplicationTestcasesTest.testIntegrationWithLegacySystemsTest(EndtoEndapplicationTestcasesTest.java:120)
at java.base/java.util.ArrayList.forEach(ArrayList.java:1597)
... Removed 29 stack frames]]>
    </failure>
  </testcase> <!-- testIntegrationWithLegacySystemsTest -->
  <testcase classname="maven_diares.MAven_single.EndtoEndapplicationTestcasesTest" name="testLoadBalancingTest" time="0.0">
    <failure type="java.lang.RuntimeException" message="Test not implemented">
      <![CDATA[java.lang.RuntimeException: Test not implemented
at maven_diares.MAven_single.EndtoEndapplicationTestcasesTest.testLoadBalancingTest(EndtoEndapplicationTestcasesTest.java:125)
at java.base/java.util.ArrayList.forEach(ArrayList.java:1597)
... Removed 29 stack frames]]>
    </failure>
  </testcase> <!-- testLoadBalancingTest -->
  <testcase classname="maven_diares.MAven_single.EndtoEndapplicationTestcasesTest" name="testLocalizationTest" time="0.0">
    <failure type="java.lang.RuntimeException" message="Test not implemented">
      <![CDATA[java.lang.RuntimeException: Test not implemented
at maven_diares.MAven_single.EndtoEndapplicationTestcasesTest.testLocalizationTest(EndtoEndapplicationTestcasesTest.java:130)
at java.base/java.util.ArrayList.forEach(ArrayList.java:1597)
... Removed 29 stack frames]]>
    </failure>
  </testcase> <!-- testLocalizationTest -->
  <testcase classname="maven_diares.MAven_single.EndtoEndapplicationTestcasesTest" name="testLoggingAndMonitoringTest" time="0.0">
    <failure type="java.lang.RuntimeException" message="Test not implemented">
      <![CDATA[java.lang.RuntimeException: Test not implemented
at maven_diares.MAven_single.EndtoEndapplicationTestcasesTest.testLoggingAndMonitoringTest(EndtoEndapplicationTestcasesTest.java:135)
at java.base/java.util.ArrayList.forEach(ArrayList.java:1597)
... Removed 29 stack frames]]>
    </failure>
  </testcase> <!-- testLoggingAndMonitoringTest -->
  <testcase classname="maven_diares.MAven_single.EndtoEndapplicationTestcasesTest" name="testMultiUserScenariosTest" time="0.0">
    <failure type="java.lang.RuntimeException" message="Test not implemented">
      <![CDATA[java.lang.RuntimeException: Test not implemented
at maven_diares.MAven_single.EndtoEndapplicationTestcasesTest.testMultiUserScenariosTest(EndtoEndapplicationTestcasesTest.java:140)
at java.base/java.util.ArrayList.forEach(ArrayList.java:1597)
... Removed 29 stack frames]]>
    </failure>
  </testcase> <!-- testMultiUserScenariosTest -->
  <testcase classname="maven_diares.MAven_single.EndtoEndapplicationTestcasesTest" name="testNotificationSystemTest" time="0.0">
    <failure type="java.lang.RuntimeException" message="Test not implemented">
      <![CDATA[java.lang.RuntimeException: Test not implemented
at maven_diares.MAven_single.EndtoEndapplicationTestcasesTest.testNotificationSystemTest(EndtoEndapplicationTestcasesTest.java:145)
at java.base/java.util.ArrayList.forEach(ArrayList.java:1597)
... Removed 29 stack frames]]>
    </failure>
  </testcase> <!-- testNotificationSystemTest -->
  <testcase classname="maven_diares.MAven_single.EndtoEndapplicationTestcasesTest" name="testPerformanceMetricsTest" time="0.0">
    <failure type="java.lang.RuntimeException" message="Test not implemented">
      <![CDATA[java.lang.RuntimeException: Test not implemented
at maven_diares.MAven_single.EndtoEndapplicationTestcasesTest.testPerformanceMetricsTest(EndtoEndapplicationTestcasesTest.java:150)
at java.base/java.util.ArrayList.forEach(ArrayList.java:1597)
... Removed 29 stack frames]]>
    </failure>
  </testcase> <!-- testPerformanceMetricsTest -->
  <testcase classname="maven_diares.MAven_single.EndtoEndapplicationTestcasesTest" name="testRealTimeDataProcessingTest" time="0.0">
    <failure type="java.lang.RuntimeException" message="Test not implemented">
      <![CDATA[java.lang.RuntimeException: Test not implemented
at maven_diares.MAven_single.EndtoEndapplicationTestcasesTest.testRealTimeDataProcessingTest(EndtoEndapplicationTestcasesTest.java:155)
at java.base/java.util.ArrayList.forEach(ArrayList.java:1597)
... Removed 29 stack frames]]>
    </failure>
  </testcase> <!-- testRealTimeDataProcessingTest -->
  <testcase classname="maven_diares.MAven_single.EndtoEndapplicationTestcasesTest" name="testScalabilityTest" time="0.0">
    <failure type="java.lang.RuntimeException" message="Test not implemented">
      <![CDATA[java.lang.RuntimeException: Test not implemented
at maven_diares.MAven_single.EndtoEndapplicationTestcasesTest.testScalabilityTest(EndtoEndapplicationTestcasesTest.java:160)
at java.base/java.util.ArrayList.forEach(ArrayList.java:1597)
... Removed 29 stack frames]]>
    </failure>
  </testcase> <!-- testScalabilityTest -->
  <testcase classname="maven_diares.MAven_single.EndtoEndapplicationTestcasesTest" name="testSecurityFeaturesTest" time="0.0">
    <failure type="java.lang.RuntimeException" message="Test not implemented">
      <![CDATA[java.lang.RuntimeException: Test not implemented
at maven_diares.MAven_single.EndtoEndapplicationTestcasesTest.testSecurityFeaturesTest(EndtoEndapplicationTestcasesTest.java:165)
at java.base/java.util.ArrayList.forEach(ArrayList.java:1597)
... Removed 29 stack frames]]>
    </failure>
  </testcase> <!-- testSecurityFeaturesTest -->
  <testcase classname="maven_diares.MAven_single.EndtoEndapplicationTestcasesTest" name="testSessionManagementTest" time="0.0">
    <failure type="java.lang.RuntimeException" message="Test not implemented">
      <![CDATA[java.lang.RuntimeException: Test not implemented
at maven_diares.MAven_single.EndtoEndapplicationTestcasesTest.testSessionManagementTest(EndtoEndapplicationTestcasesTest.java:170)
at java.base/java.util.ArrayList.forEach(ArrayList.java:1597)
... Removed 29 stack frames]]>
    </failure>
  </testcase> <!-- testSessionManagementTest -->
  <testcase classname="maven_diares.MAven_single.EndtoEndapplicationTestcasesTest" name="testSystemAlertingTest" time="0.0">
    <failure type="java.lang.RuntimeException" message="Test not implemented">
      <![CDATA[java.lang.RuntimeException: Test not implemented
at maven_diares.MAven_single.EndtoEndapplicationTestcasesTest.testSystemAlertingTest(EndtoEndapplicationTestcasesTest.java:175)
at java.base/java.util.ArrayList.forEach(ArrayList.java:1597)
... Removed 29 stack frames]]>
    </failure>
  </testcase> <!-- testSystemAlertingTest -->
  <testcase classname="maven_diares.MAven_single.EndtoEndapplicationTestcasesTest" name="testSystemBackupTest" time="0.0">
    <failure type="java.lang.RuntimeException" message="Test not implemented">
      <![CDATA[java.lang.RuntimeException: Test not implemented
at maven_diares.MAven_single.EndtoEndapplicationTestcasesTest.testSystemBackupTest(EndtoEndapplicationTestcasesTest.java:180)
at java.base/java.util.ArrayList.forEach(ArrayList.java:1597)
... Removed 29 stack frames]]>
    </failure>
  </testcase> <!-- testSystemBackupTest -->
  <testcase classname="maven_diares.MAven_single.EndtoEndapplicationTestcasesTest" name="testSystemCompatibilityTest" time="0.0">
    <failure type="java.lang.RuntimeException" message="Test not implemented">
      <![CDATA[java.lang.RuntimeException: Test not implemented
at maven_diares.MAven_single.EndtoEndapplicationTestcasesTest.testSystemCompatibilityTest(EndtoEndapplicationTestcasesTest.java:185)
at java.base/java.util.ArrayList.forEach(ArrayList.java:1597)
... Removed 29 stack frames]]>
    </failure>
  </testcase> <!-- testSystemCompatibilityTest -->
  <testcase classname="maven_diares.MAven_single.EndtoEndapplicationTestcasesTest" name="testSystemConfigurabilityTest" time="0.0">
    <failure type="java.lang.RuntimeException" message="Test not implemented">
      <![CDATA[java.lang.RuntimeException: Test not implemented
at maven_diares.MAven_single.EndtoEndapplicationTestcasesTest.testSystemConfigurabilityTest(EndtoEndapplicationTestcasesTest.java:190)
at java.base/java.util.ArrayList.forEach(ArrayList.java:1597)
... Removed 29 stack frames]]>
    </failure>
  </testcase> <!-- testSystemConfigurabilityTest -->
  <testcase classname="maven_diares.MAven_single.EndtoEndapplicationTestcasesTest" name="testSystemDeploymentTest" time="0.0">
    <failure type="java.lang.RuntimeException" message="Test not implemented">
      <![CDATA[java.lang.RuntimeException: Test not implemented
at maven_diares.MAven_single.EndtoEndapplicationTestcasesTest.testSystemDeploymentTest(EndtoEndapplicationTestcasesTest.java:195)
at java.base/java.util.ArrayList.forEach(ArrayList.java:1597)
... Removed 29 stack frames]]>
    </failure>
  </testcase> <!-- testSystemDeploymentTest -->
  <testcase classname="maven_diares.MAven_single.EndtoEndapplicationTestcasesTest" name="testSystemDocumentationTest" time="0.0">
    <failure type="java.lang.RuntimeException" message="Test not implemented">
      <![CDATA[java.lang.RuntimeException: Test not implemented
at maven_diares.MAven_single.EndtoEndapplicationTestcasesTest.testSystemDocumentationTest(EndtoEndapplicationTestcasesTest.java:200)
at java.base/java.util.ArrayList.forEach(ArrayList.java:1597)
... Removed 29 stack frames]]>
    </failure>
  </testcase> <!-- testSystemDocumentationTest -->
  <testcase classname="maven_diares.MAven_single.EndtoEndapplicationTestcasesTest" name="testSystemExtensibilityTest" time="0.0">
    <failure type="java.lang.RuntimeException" message="Test not implemented">
      <![CDATA[java.lang.RuntimeException: Test not implemented
at maven_diares.MAven_single.EndtoEndapplicationTestcasesTest.testSystemExtensibilityTest(EndtoEndapplicationTestcasesTest.java:205)
at java.base/java.util.ArrayList.forEach(ArrayList.java:1597)
... Removed 29 stack frames]]>
    </failure>
  </testcase> <!-- testSystemExtensibilityTest -->
  <testcase classname="maven_diares.MAven_single.EndtoEndapplicationTestcasesTest" name="testSystemIntegrationTest" time="0.0">
    <failure type="java.lang.RuntimeException" message="Test not implemented">
      <![CDATA[java.lang.RuntimeException: Test not implemented
at maven_diares.MAven_single.EndtoEndapplicationTestcasesTest.testSystemIntegrationTest(EndtoEndapplicationTestcasesTest.java:210)
at java.base/java.util.ArrayList.forEach(ArrayList.java:1597)
... Removed 29 stack frames]]>
    </failure>
  </testcase> <!-- testSystemIntegrationTest -->
  <testcase classname="maven_diares.MAven_single.EndtoEndapplicationTestcasesTest" name="testSystemInteroperabilityTest" time="0.0">
    <failure type="java.lang.RuntimeException" message="Test not implemented">
      <![CDATA[java.lang.RuntimeException: Test not implemented
at maven_diares.MAven_single.EndtoEndapplicationTestcasesTest.testSystemInteroperabilityTest(EndtoEndapplicationTestcasesTest.java:215)
at java.base/java.util.ArrayList.forEach(ArrayList.java:1597)
... Removed 29 stack frames]]>
    </failure>
  </testcase> <!-- testSystemInteroperabilityTest -->
  <testcase classname="maven_diares.MAven_single.EndtoEndapplicationTestcasesTest" name="testSystemLoggingTest" time="0.0">
    <failure type="java.lang.RuntimeException" message="Test not implemented">
      <![CDATA[java.lang.RuntimeException: Test not implemented
at maven_diares.MAven_single.EndtoEndapplicationTestcasesTest.testSystemLoggingTest(EndtoEndapplicationTestcasesTest.java:220)
at java.base/java.util.ArrayList.forEach(ArrayList.java:1597)
... Removed 29 stack frames]]>
    </failure>
  </testcase> <!-- testSystemLoggingTest -->
  <testcase classname="maven_diares.MAven_single.EndtoEndapplicationTestcasesTest" name="testSystemMaintainabilityTest" time="0.0">
    <failure type="java.lang.RuntimeException" message="Test not implemented">
      <![CDATA[java.lang.RuntimeException: Test not implemented
at maven_diares.MAven_single.EndtoEndapplicationTestcasesTest.testSystemMaintainabilityTest(EndtoEndapplicationTestcasesTest.java:225)
at java.base/java.util.ArrayList.forEach(ArrayList.java:1597)
... Removed 29 stack frames]]>
    </failure>
  </testcase> <!-- testSystemMaintainabilityTest -->
  <testcase classname="maven_diares.MAven_single.EndtoEndapplicationTestcasesTest" name="testSystemMigrationTest" time="0.001">
    <failure type="java.lang.RuntimeException" message="Test not implemented">
      <![CDATA[java.lang.RuntimeException: Test not implemented
at maven_diares.MAven_single.EndtoEndapplicationTestcasesTest.testSystemMigrationTest(EndtoEndapplicationTestcasesTest.java:230)
at java.base/java.util.ArrayList.forEach(ArrayList.java:1597)
... Removed 29 stack frames]]>
    </failure>
  </testcase> <!-- testSystemMigrationTest -->
  <testcase classname="maven_diares.MAven_single.EndtoEndapplicationTestcasesTest" name="testSystemModularityTest" time="0.0">
    <failure type="java.lang.RuntimeException" message="Test not implemented">
      <![CDATA[java.lang.RuntimeException: Test not implemented
at maven_diares.MAven_single.EndtoEndapplicationTestcasesTest.testSystemModularityTest(EndtoEndapplicationTestcasesTest.java:235)
at java.base/java.util.ArrayList.forEach(ArrayList.java:1597)
... Removed 29 stack frames]]>
    </failure>
  </testcase> <!-- testSystemModularityTest -->
  <testcase classname="maven_diares.MAven_single.EndtoEndapplicationTestcasesTest" name="testSystemMonitoringTest" time="0.001">
    <failure type="java.lang.RuntimeException" message="Test not implemented">
      <![CDATA[java.lang.RuntimeException: Test not implemented
at maven_diares.MAven_single.EndtoEndapplicationTestcasesTest.testSystemMonitoringTest(EndtoEndapplicationTestcasesTest.java:240)
at java.base/java.util.ArrayList.forEach(ArrayList.java:1597)
... Removed 29 stack frames]]>
    </failure>
  </testcase> <!-- testSystemMonitoringTest -->
  <testcase classname="maven_diares.MAven_single.EndtoEndapplicationTestcasesTest" name="testSystemNotificationsTest" time="0.0">
    <failure type="java.lang.RuntimeException" message="Test not implemented">
      <![CDATA[java.lang.RuntimeException: Test not implemented
at maven_diares.MAven_single.EndtoEndapplicationTestcasesTest.testSystemNotificationsTest(EndtoEndapplicationTestcasesTest.java:245)
at java.base/java.util.ArrayList.forEach(ArrayList.java:1597)
... Removed 29 stack frames]]>
    </failure>
  </testcase> <!-- testSystemNotificationsTest -->
  <testcase classname="maven_diares.MAven_single.EndtoEndapplicationTestcasesTest" name="testSystemPerformanceTest" time="0.0">
    <failure type="java.lang.RuntimeException" message="Test not implemented">
      <![CDATA[java.lang.RuntimeException: Test not implemented
at maven_diares.MAven_single.EndtoEndapplicationTestcasesTest.testSystemPerformanceTest(EndtoEndapplicationTestcasesTest.java:250)
at java.base/java.util.ArrayList.forEach(ArrayList.java:1597)
... Removed 29 stack frames]]>
    </failure>
  </testcase> <!-- testSystemPerformanceTest -->
  <testcase classname="maven_diares.MAven_single.EndtoEndapplicationTestcasesTest" name="testSystemPortabilityTest" time="0.0">
    <failure type="java.lang.RuntimeException" message="Test not implemented">
      <![CDATA[java.lang.RuntimeException: Test not implemented
at maven_diares.MAven_single.EndtoEndapplicationTestcasesTest.testSystemPortabilityTest(EndtoEndapplicationTestcasesTest.java:255)
at java.base/java.util.ArrayList.forEach(ArrayList.java:1597)
... Removed 29 stack frames]]>
    </failure>
  </testcase> <!-- testSystemPortabilityTest -->
  <testcase classname="maven_diares.MAven_single.EndtoEndapplicationTestcasesTest" name="testSystemRecoveryTest" time="0.0">
    <failure type="java.lang.RuntimeException" message="Test not implemented">
      <![CDATA[java.lang.RuntimeException: Test not implemented
at maven_diares.MAven_single.EndtoEndapplicationTestcasesTest.testSystemRecoveryTest(EndtoEndapplicationTestcasesTest.java:260)
at java.base/java.util.ArrayList.forEach(ArrayList.java:1597)
... Removed 29 stack frames]]>
    </failure>
  </testcase> <!-- testSystemRecoveryTest -->
  <testcase classname="maven_diares.MAven_single.EndtoEndapplicationTestcasesTest" name="testSystemReliabilityTest" time="0.0">
    <failure type="java.lang.RuntimeException" message="Test not implemented">
      <![CDATA[java.lang.RuntimeException: Test not implemented
at maven_diares.MAven_single.EndtoEndapplicationTestcasesTest.testSystemReliabilityTest(EndtoEndapplicationTestcasesTest.java:265)
at java.base/java.util.ArrayList.forEach(ArrayList.java:1597)
... Removed 29 stack frames]]>
    </failure>
  </testcase> <!-- testSystemReliabilityTest -->
  <testcase classname="maven_diares.MAven_single.EndtoEndapplicationTestcasesTest" name="testSystemResourceUtilizationTest" time="0.0">
    <failure type="java.lang.RuntimeException" message="Test not implemented">
      <![CDATA[java.lang.RuntimeException: Test not implemented
at maven_diares.MAven_single.EndtoEndapplicationTestcasesTest.testSystemResourceUtilizationTest(EndtoEndapplicationTestcasesTest.java:270)
at java.base/java.util.ArrayList.forEach(ArrayList.java:1597)
... Removed 29 stack frames]]>
    </failure>
  </testcase> <!-- testSystemResourceUtilizationTest -->
  <testcase classname="maven_diares.MAven_single.EndtoEndapplicationTestcasesTest" name="testSystemRestorationTest" time="0.0">
    <failure type="java.lang.RuntimeException" message="Test not implemented">
      <![CDATA[java.lang.RuntimeException: Test not implemented
at maven_diares.MAven_single.EndtoEndapplicationTestcasesTest.testSystemRestorationTest(EndtoEndapplicationTestcasesTest.java:275)
at java.base/java.util.ArrayList.forEach(ArrayList.java:1597)
... Removed 29 stack frames]]>
    </failure>
  </testcase> <!-- testSystemRestorationTest -->
  <testcase classname="maven_diares.MAven_single.EndtoEndapplicationTestcasesTest" name="testSystemReusabilityTest" time="0.0">
    <failure type="java.lang.RuntimeException" message="Test not implemented">
      <![CDATA[java.lang.RuntimeException: Test not implemented
at maven_diares.MAven_single.EndtoEndapplicationTestcasesTest.testSystemReusabilityTest(EndtoEndapplicationTestcasesTest.java:280)
at java.base/java.util.ArrayList.forEach(ArrayList.java:1597)
... Removed 29 stack frames]]>
    </failure>
  </testcase> <!-- testSystemReusabilityTest -->
  <testcase classname="maven_diares.MAven_single.EndtoEndapplicationTestcasesTest" name="testSystemScalabilityTest" time="0.0">
    <failure type="java.lang.RuntimeException" message="Test not implemented">
      <![CDATA[java.lang.RuntimeException: Test not implemented
at maven_diares.MAven_single.EndtoEndapplicationTestcasesTest.testSystemScalabilityTest(EndtoEndapplicationTestcasesTest.java:285)
at java.base/java.util.ArrayList.forEach(ArrayList.java:1597)
... Removed 29 stack frames]]>
    </failure>
  </testcase> <!-- testSystemScalabilityTest -->
  <testcase classname="maven_diares.MAven_single.EndtoEndapplicationTestcasesTest" name="testSystemSecurityTest" time="0.0">
    <failure type="java.lang.RuntimeException" message="Test not implemented">
      <![CDATA[java.lang.RuntimeException: Test not implemented
at maven_diares.MAven_single.EndtoEndapplicationTestcasesTest.testSystemSecurityTest(EndtoEndapplicationTestcasesTest.java:290)
at java.base/java.util.ArrayList.forEach(ArrayList.java:1597)
... Removed 29 stack frames]]>
    </failure>
  </testcase> <!-- testSystemSecurityTest -->
  <testcase classname="maven_diares.MAven_single.EndtoEndapplicationTestcasesTest" name="testSystemTestabilityTest" time="0.0">
    <failure type="java.lang.RuntimeException" message="Test not implemented">
      <![CDATA[java.lang.RuntimeException: Test not implemented
at maven_diares.MAven_single.EndtoEndapplicationTestcasesTest.testSystemTestabilityTest(EndtoEndapplicationTestcasesTest.java:295)
at java.base/java.util.ArrayList.forEach(ArrayList.java:1597)
... Removed 29 stack frames]]>
    </failure>
  </testcase> <!-- testSystemTestabilityTest -->
  <testcase classname="maven_diares.MAven_single.EndtoEndapplicationTestcasesTest" name="testSystemUsabilityTest" time="0.0">
    <failure type="java.lang.RuntimeException" message="Test not implemented">
      <![CDATA[java.lang.RuntimeException: Test not implemented
at maven_diares.MAven_single.EndtoEndapplicationTestcasesTest.testSystemUsabilityTest(EndtoEndapplicationTestcasesTest.java:300)
at java.base/java.util.ArrayList.forEach(ArrayList.java:1597)
... Removed 29 stack frames]]>
    </failure>
  </testcase> <!-- testSystemUsabilityTest -->
  <testcase classname="maven_diares.MAven_single.EndtoEndapplicationTestcasesTest" name="testThirdPartyIntegrationsTest" time="0.0">
    <failure type="java.lang.RuntimeException" message="Test not implemented">
      <![CDATA[java.lang.RuntimeException: Test not implemented
at maven_diares.MAven_single.EndtoEndapplicationTestcasesTest.testThirdPartyIntegrationsTest(EndtoEndapplicationTestcasesTest.java:305)
at java.base/java.util.ArrayList.forEach(ArrayList.java:1597)
... Removed 29 stack frames]]>
    </failure>
  </testcase> <!-- testThirdPartyIntegrationsTest -->
  <testcase classname="maven_diares.MAven_single.EndtoEndapplicationTestcasesTest" name="testUIComponentsTest" time="0.001">
    <failure type="java.lang.RuntimeException" message="Test not implemented">
      <![CDATA[java.lang.RuntimeException: Test not implemented
at maven_diares.MAven_single.EndtoEndapplicationTestcasesTest.testUIComponentsTest(EndtoEndapplicationTestcasesTest.java:310)
at java.base/java.util.ArrayList.forEach(ArrayList.java:1597)
... Removed 29 stack frames]]>
    </failure>
  </testcase> <!-- testUIComponentsTest -->
  <testcase classname="maven_diares.MAven_single.EndtoEndapplicationTestcasesTest" name="testUserAnalyticsTest" time="0.0">
    <failure type="java.lang.RuntimeException" message="Test not implemented">
      <![CDATA[java.lang.RuntimeException: Test not implemented
at maven_diares.MAven_single.EndtoEndapplicationTestcasesTest.testUserAnalyticsTest(EndtoEndapplicationTestcasesTest.java:315)
at java.base/java.util.ArrayList.forEach(ArrayList.java:1597)
... Removed 29 stack frames]]>
    </failure>
  </testcase> <!-- testUserAnalyticsTest -->
  <testcase classname="maven_diares.MAven_single.EndtoEndapplicationTestcasesTest" name="testUserExperienceTest" time="0.0">
    <failure type="java.lang.RuntimeException" message="Test not implemented">
      <![CDATA[java.lang.RuntimeException: Test not implemented
at maven_diares.MAven_single.EndtoEndapplicationTestcasesTest.testUserExperienceTest(EndtoEndapplicationTestcasesTest.java:320)
at java.base/java.util.ArrayList.forEach(ArrayList.java:1597)
... Removed 29 stack frames]]>
    </failure>
  </testcase> <!-- testUserExperienceTest -->
  <testcase classname="maven_diares.MAven_single.EndtoEndapplicationTestcasesTest" name="testUserFeedbackTest" time="0.0">
    <failure type="java.lang.RuntimeException" message="Test not implemented">
      <![CDATA[java.lang.RuntimeException: Test not implemented
at maven_diares.MAven_single.EndtoEndapplicationTestcasesTest.testUserFeedbackTest(EndtoEndapplicationTestcasesTest.java:325)
at java.base/java.util.ArrayList.forEach(ArrayList.java:1597)
... Removed 29 stack frames]]>
    </failure>
  </testcase> <!-- testUserFeedbackTest -->
  <testcase classname="maven_diares.MAven_single.EndtoEndapplicationTestcasesTest" name="testUserInterfaceResponsivenessTest" time="0.0">
    <failure type="java.lang.RuntimeException" message="Test not implemented">
      <![CDATA[java.lang.RuntimeException: Test not implemented
at maven_diares.MAven_single.EndtoEndapplicationTestcasesTest.testUserInterfaceResponsivenessTest(EndtoEndapplicationTestcasesTest.java:330)
at java.base/java.util.ArrayList.forEach(ArrayList.java:1597)
... Removed 29 stack frames]]>
    </failure>
  </testcase> <!-- testUserInterfaceResponsivenessTest -->
  <testcase classname="maven_diares.MAven_single.EndtoEndapplicationTestcasesTest" name="testUserLoginTest" time="0.0">
    <failure type="java.lang.RuntimeException" message="Test not implemented">
      <![CDATA[java.lang.RuntimeException: Test not implemented
at maven_diares.MAven_single.EndtoEndapplicationTestcasesTest.testUserLoginTest(EndtoEndapplicationTestcasesTest.java:335)
at java.base/java.util.ArrayList.forEach(ArrayList.java:1597)
... Removed 29 stack frames]]>
    </failure>
  </testcase> <!-- testUserLoginTest -->
  <testcase classname="maven_diares.MAven_single.EndtoEndapplicationTestcasesTest" name="testUserLogoutTest" time="0.0">
    <failure type="java.lang.RuntimeException" message="Test not implemented">
      <![CDATA[java.lang.RuntimeException: Test not implemented
at maven_diares.MAven_single.EndtoEndapplicationTestcasesTest.testUserLogoutTest(EndtoEndapplicationTestcasesTest.java:340)
at java.base/java.util.ArrayList.forEach(ArrayList.java:1597)
... Removed 29 stack frames]]>
    </failure>
  </testcase> <!-- testUserLogoutTest -->
  <testcase classname="maven_diares.MAven_single.EndtoEndapplicationTestcasesTest" name="testUserPreferencesTest" time="0.0">
    <failure type="java.lang.RuntimeException" message="Test not implemented">
      <![CDATA[java.lang.RuntimeException: Test not implemented
at maven_diares.MAven_single.EndtoEndapplicationTestcasesTest.testUserPreferencesTest(EndtoEndapplicationTestcasesTest.java:345)
at java.base/java.util.ArrayList.forEach(ArrayList.java:1597)
... Removed 29 stack frames]]>
    </failure>
  </testcase> <!-- testUserPreferencesTest -->
  <testcase classname="maven_diares.MAven_single.EndtoEndapplicationTestcasesTest" name="testUserRegistrationTest" time="0.0">
    <failure type="java.lang.RuntimeException" message="Test not implemented">
      <![CDATA[java.lang.RuntimeException: Test not implemented
at maven_diares.MAven_single.EndtoEndapplicationTestcasesTest.testUserRegistrationTest(EndtoEndapplicationTestcasesTest.java:350)
at java.base/java.util.ArrayList.forEach(ArrayList.java:1597)
... Removed 29 stack frames]]>
    </failure>
  </testcase> <!-- testUserRegistrationTest -->
  <testcase classname="maven_diares.MAven_single.EndtoEndapplicationTestcasesTest" name="testVersionControlTest" time="0.0">
    <failure type="java.lang.RuntimeException" message="Test not implemented">
      <![CDATA[java.lang.RuntimeException: Test not implemented
at maven_diares.MAven_single.EndtoEndapplicationTestcasesTest.testVersionControlTest(EndtoEndapplicationTestcasesTest.java:355)
at java.base/java.util.ArrayList.forEach(ArrayList.java:1597)
... Removed 29 stack frames]]>
    </failure>
  </testcase> <!-- testVersionControlTest -->
</testsuite> <!-- Test -->
